[WARNING] install tensorboardX to record simulation logs.
[WARNING] install tensorboardX to record simulation logs.
[WARNING] install tensorboardX to record simulation logs.
[WARNING] install tensorboardX to record simulation logs.
[WARNING] install tensorboardX to record simulation logs.
Conv4
Conv4S
Conv6
Namespace(seed=1, dataset='CUB', model='ResNet18', method='maml', train_n_way=5, test_n_way=5, n_shot=1, train_aug=True, steps=2, tau=1.0, loss='ELBO', mean=0.0, kernel='bncossim', batch_size=1, diff_net=None, num_classes=200, save_freq=50, start_epoch=0, stop_epoch=-1, resume=False, warmup=False)
[INFO] Setting SEED: 1
n_query : 16
Tot epochs: 2400
Epoch 0 | Batch 0/100 | Loss 1.706455
Epoch 0 | Batch 10/100 | Loss 1.720642
Epoch 0 | Batch 20/100 | Loss 1.780689
Epoch 0 | Batch 30/100 | Loss 1.866274
Epoch 0 | Batch 40/100 | Loss 1.942952
Epoch 0 | Batch 50/100 | Loss 2.020185
Epoch 0 | Batch 60/100 | Loss 2.109653
Epoch 0 | Batch 70/100 | Loss 2.134447
Epoch 0 | Batch 80/100 | Loss 2.173250
Epoch 0 | Batch 90/100 | Loss 2.211479
One iteration : 8.150270223617554s
100 Test Acc = 23.56% +- 1.21%
--> Best model! save...
