[WARNING] install tensorboardX to record simulation logs.
[WARNING] install tensorboardX to record simulation logs.
[WARNING] install tensorboardX to record simulation logs.
[WARNING] install tensorboardX to record simulation logs.
[WARNING] install tensorboardX to record simulation logs.
Conv4
Conv4S
Conv6
Namespace(seed=1, dataset='CUB', model='ResNet34', method='maml', train_n_way=5, test_n_way=5, n_shot=1, train_aug=True, steps=2, tau=1.0, loss='ELBO', mean=0.0, kernel='bncossim', batch_size=1, diff_net=None, num_classes=200, save_freq=50, start_epoch=0, stop_epoch=-1, resume=False, warmup=False)
[INFO] Setting SEED: 1
n_query : 16
Tot epochs: 2400
Epoch 0 | Batch 0/100 | Loss 1.882129
Epoch 0 | Batch 10/100 | Loss 1.940792
Epoch 0 | Batch 20/100 | Loss 2.005780
Epoch 0 | Batch 30/100 | Loss 2.123934
Epoch 0 | Batch 40/100 | Loss 2.191405
Epoch 0 | Batch 50/100 | Loss 2.225618
Epoch 0 | Batch 60/100 | Loss 2.289139
Epoch 0 | Batch 70/100 | Loss 2.307653
Epoch 0 | Batch 80/100 | Loss 2.308564
Epoch 0 | Batch 90/100 | Loss 2.339869
One iteration : 14.828577518463135s
100 Test Acc = 23.32% +- 1.06%
--> Best model! save...
