[WARNING] install tensorboardX to record simulation logs.
[WARNING] install tensorboardX to record simulation logs.
[WARNING] install tensorboardX to record simulation logs.
[WARNING] install tensorboardX to record simulation logs.
[WARNING] install tensorboardX to record simulation logs.
Conv4
Conv4S
Conv6
Namespace(seed=1, dataset='CUB', model='ResNet34', method='maml', train_n_way=5, test_n_way=5, n_shot=1, train_aug=True, steps=2, tau=1.0, loss='ELBO', mean=0.0, kernel='bncossim', batch_size=1, diff_net=None, num_classes=200, save_freq=50, start_epoch=0, stop_epoch=-1, resume=False, warmup=False)
[INFO] Setting SEED: 1
n_query : 16
Inner lr : 0.01
Tot epochs: 2400
Meta-lr : 0.0001
Epoch 0 | Batch 0/100 | Loss 1.702893
Epoch 0 | Batch 10/100 | Loss 1.849814
Epoch 0 | Batch 20/100 | Loss 1.863205
Epoch 0 | Batch 30/100 | Loss 1.867428
Epoch 0 | Batch 40/100 | Loss 1.867370
Epoch 0 | Batch 50/100 | Loss 1.858600
Epoch 0 | Batch 60/100 | Loss 1.858405
Epoch 0 | Batch 70/100 | Loss 1.849690
Epoch 0 | Batch 80/100 | Loss 1.860976
Epoch 0 | Batch 90/100 | Loss 1.866549
One iteration : 13.018147468566895s
100 Test Acc = 22.68% +- 1.04%
--> Best model! save...
Epoch 1 | Batch 0/100 | Loss 2.051939
Epoch 1 | Batch 10/100 | Loss 1.913299
Epoch 1 | Batch 20/100 | Loss 1.950990
Epoch 1 | Batch 30/100 | Loss 1.946059
Epoch 1 | Batch 40/100 | Loss 1.941096
Epoch 1 | Batch 50/100 | Loss 1.934008
Epoch 1 | Batch 60/100 | Loss 1.940043
Epoch 1 | Batch 70/100 | Loss 1.940113
Epoch 1 | Batch 80/100 | Loss 1.946447
Epoch 1 | Batch 90/100 | Loss 1.941977
Epoch 2 | Batch 0/100 | Loss 1.837698
Epoch 2 | Batch 10/100 | Loss 1.971165
Epoch 2 | Batch 20/100 | Loss 1.958646
Epoch 2 | Batch 30/100 | Loss 1.973431
Epoch 2 | Batch 40/100 | Loss 1.970034
Epoch 2 | Batch 50/100 | Loss 1.952159
Epoch 2 | Batch 60/100 | Loss 1.960593
Epoch 2 | Batch 70/100 | Loss 1.953959
Epoch 2 | Batch 80/100 | Loss 1.958349
Epoch 2 | Batch 90/100 | Loss 1.958072
Epoch 3 | Batch 0/100 | Loss 1.840062
Epoch 3 | Batch 10/100 | Loss 1.982579
Epoch 3 | Batch 20/100 | Loss 1.961689
Epoch 3 | Batch 30/100 | Loss 1.985815
Epoch 3 | Batch 40/100 | Loss 1.967545
Epoch 3 | Batch 50/100 | Loss 1.965385
Epoch 3 | Batch 60/100 | Loss 1.969146
Epoch 3 | Batch 70/100 | Loss 1.973804
Epoch 3 | Batch 80/100 | Loss 1.971178
Epoch 3 | Batch 90/100 | Loss 1.969666
Epoch 4 | Batch 0/100 | Loss 2.152066
Epoch 4 | Batch 10/100 | Loss 1.979350
Epoch 4 | Batch 20/100 | Loss 1.992818
Epoch 4 | Batch 30/100 | Loss 1.994656
Epoch 4 | Batch 40/100 | Loss 2.001051
Epoch 4 | Batch 50/100 | Loss 1.999839
Epoch 4 | Batch 60/100 | Loss 2.008962
Epoch 4 | Batch 70/100 | Loss 2.012478
Epoch 4 | Batch 80/100 | Loss 2.022980
Epoch 4 | Batch 90/100 | Loss 2.021880
Epoch 5 | Batch 0/100 | Loss 2.270299
Epoch 5 | Batch 10/100 | Loss 1.909169
Epoch 5 | Batch 20/100 | Loss 2.027946
Epoch 5 | Batch 30/100 | Loss 2.017946
Epoch 5 | Batch 40/100 | Loss 2.012149
Epoch 5 | Batch 50/100 | Loss 2.020588
Epoch 5 | Batch 60/100 | Loss 2.029762
Epoch 5 | Batch 70/100 | Loss 2.031355
Epoch 5 | Batch 80/100 | Loss 2.040945
Epoch 5 | Batch 90/100 | Loss 2.043768
One iteration : 12.2175931930542s
100 Test Acc = 23.14% +- 0.99%
--> Best model! save...
Epoch 6 | Batch 0/100 | Loss 1.961564
Epoch 6 | Batch 10/100 | Loss 1.957031
Epoch 6 | Batch 20/100 | Loss 2.031720
Epoch 6 | Batch 30/100 | Loss 2.056455
Epoch 6 | Batch 40/100 | Loss 2.042973
Epoch 6 | Batch 50/100 | Loss 2.046571
Epoch 6 | Batch 60/100 | Loss 2.076560
Epoch 6 | Batch 70/100 | Loss 2.071815
Epoch 6 | Batch 80/100 | Loss 2.074086
Epoch 6 | Batch 90/100 | Loss 2.084319
Epoch 7 | Batch 0/100 | Loss 2.459522
Epoch 7 | Batch 10/100 | Loss 2.201738
Epoch 7 | Batch 20/100 | Loss 2.163208
Epoch 7 | Batch 30/100 | Loss 2.132521
Epoch 7 | Batch 40/100 | Loss 2.139834
Epoch 7 | Batch 50/100 | Loss 2.139115
Epoch 7 | Batch 60/100 | Loss 2.143301
Epoch 7 | Batch 70/100 | Loss 2.158279
Epoch 7 | Batch 80/100 | Loss 2.151055
Epoch 7 | Batch 90/100 | Loss 2.148314
Epoch 8 | Batch 0/100 | Loss 2.122629
Epoch 8 | Batch 10/100 | Loss 2.139505
Epoch 8 | Batch 20/100 | Loss 2.108980
Epoch 8 | Batch 30/100 | Loss 2.116251
Epoch 8 | Batch 40/100 | Loss 2.154495
Epoch 8 | Batch 50/100 | Loss 2.141984
Epoch 8 | Batch 60/100 | Loss 2.109060
Epoch 8 | Batch 70/100 | Loss 2.104773
Epoch 8 | Batch 80/100 | Loss 2.105003
Epoch 8 | Batch 90/100 | Loss 2.107956
Epoch 9 | Batch 0/100 | Loss 2.556880
Epoch 9 | Batch 10/100 | Loss 2.274977
Epoch 9 | Batch 20/100 | Loss 2.224850
Epoch 9 | Batch 30/100 | Loss 2.137311
Epoch 9 | Batch 40/100 | Loss 2.101464
Epoch 9 | Batch 50/100 | Loss 2.142895
Epoch 9 | Batch 60/100 | Loss 2.139568
Epoch 9 | Batch 70/100 | Loss 2.148464
Epoch 9 | Batch 80/100 | Loss 2.131813
Epoch 9 | Batch 90/100 | Loss 2.138953
Epoch 10 | Batch 0/100 | Loss 2.445771
Epoch 10 | Batch 10/100 | Loss 2.128960
Epoch 10 | Batch 20/100 | Loss 2.157830
Epoch 10 | Batch 30/100 | Loss 2.171917
Epoch 10 | Batch 40/100 | Loss 2.183687
Epoch 10 | Batch 50/100 | Loss 2.209210
Epoch 10 | Batch 60/100 | Loss 2.201090
Epoch 10 | Batch 70/100 | Loss 2.191638
Epoch 10 | Batch 80/100 | Loss 2.212108
Epoch 10 | Batch 90/100 | Loss 2.202720
One iteration : 12.533487796783447s
100 Test Acc = 23.31% +- 1.17%
--> Best model! save...
Epoch 11 | Batch 0/100 | Loss 2.381450
Epoch 11 | Batch 10/100 | Loss 2.165044
Epoch 11 | Batch 20/100 | Loss 2.094979
Epoch 11 | Batch 30/100 | Loss 2.094422
Epoch 11 | Batch 40/100 | Loss 2.137996
Epoch 11 | Batch 50/100 | Loss 2.133160
Epoch 11 | Batch 60/100 | Loss 2.103800
Epoch 11 | Batch 70/100 | Loss 2.091212
Epoch 11 | Batch 80/100 | Loss 2.100618
Epoch 11 | Batch 90/100 | Loss 2.111527
Epoch 12 | Batch 0/100 | Loss 2.025095
Epoch 12 | Batch 10/100 | Loss 2.197904
Epoch 12 | Batch 20/100 | Loss 2.218420
Epoch 12 | Batch 30/100 | Loss 2.164791
Epoch 12 | Batch 40/100 | Loss 2.165558
Epoch 12 | Batch 50/100 | Loss 2.166345
Epoch 12 | Batch 60/100 | Loss 2.150395
Epoch 12 | Batch 70/100 | Loss 2.146934
Epoch 12 | Batch 80/100 | Loss 2.151741
Epoch 12 | Batch 90/100 | Loss 2.167258
Epoch 13 | Batch 0/100 | Loss 2.733037
Epoch 13 | Batch 10/100 | Loss 2.227339
Epoch 13 | Batch 20/100 | Loss 2.210628
Epoch 13 | Batch 30/100 | Loss 2.191781
Epoch 13 | Batch 40/100 | Loss 2.205857
Epoch 13 | Batch 50/100 | Loss 2.235432
Epoch 13 | Batch 60/100 | Loss 2.258831
Epoch 13 | Batch 70/100 | Loss 2.256645
Epoch 13 | Batch 80/100 | Loss 2.246596
Epoch 13 | Batch 90/100 | Loss 2.235585
Epoch 14 | Batch 0/100 | Loss 2.259708
Epoch 14 | Batch 10/100 | Loss 2.340329
Epoch 14 | Batch 20/100 | Loss 2.235796
Epoch 14 | Batch 30/100 | Loss 2.194141
Epoch 14 | Batch 40/100 | Loss 2.198545
Epoch 14 | Batch 50/100 | Loss 2.209579
Epoch 14 | Batch 60/100 | Loss 2.229670
Epoch 14 | Batch 70/100 | Loss 2.250339
Epoch 14 | Batch 80/100 | Loss 2.252929
Epoch 14 | Batch 90/100 | Loss 2.250159
Epoch 15 | Batch 0/100 | Loss 1.760533
Epoch 15 | Batch 10/100 | Loss 2.341918
Epoch 15 | Batch 20/100 | Loss 2.271327
Epoch 15 | Batch 30/100 | Loss 2.267785
Epoch 15 | Batch 40/100 | Loss 2.278108
Epoch 15 | Batch 50/100 | Loss 2.283913
Epoch 15 | Batch 60/100 | Loss 2.272361
Epoch 15 | Batch 70/100 | Loss 2.292376
Epoch 15 | Batch 80/100 | Loss 2.283420
Epoch 15 | Batch 90/100 | Loss 2.282247
One iteration : 12.502512216567993s
100 Test Acc = 23.04% +- 1.07%
Epoch 16 | Batch 0/100 | Loss 2.250856
Epoch 16 | Batch 10/100 | Loss 2.240878
Epoch 16 | Batch 20/100 | Loss 2.295499
Epoch 16 | Batch 30/100 | Loss 2.263640
Epoch 16 | Batch 40/100 | Loss 2.238794
Epoch 16 | Batch 50/100 | Loss 2.240472
Epoch 16 | Batch 60/100 | Loss 2.245693
Epoch 16 | Batch 70/100 | Loss 2.243521
Epoch 16 | Batch 80/100 | Loss 2.250971
Epoch 16 | Batch 90/100 | Loss 2.244808
Epoch 17 | Batch 0/100 | Loss 2.103673
Epoch 17 | Batch 10/100 | Loss 2.181817
Epoch 17 | Batch 20/100 | Loss 2.175039
Epoch 17 | Batch 30/100 | Loss 2.215084
Epoch 17 | Batch 40/100 | Loss 2.191934
Epoch 17 | Batch 50/100 | Loss 2.185567
Epoch 17 | Batch 60/100 | Loss 2.187559
Epoch 17 | Batch 70/100 | Loss 2.191472
Epoch 17 | Batch 80/100 | Loss 2.203516
Epoch 17 | Batch 90/100 | Loss 2.197909
Epoch 18 | Batch 0/100 | Loss 2.238784
Epoch 18 | Batch 10/100 | Loss 2.275318
Epoch 18 | Batch 20/100 | Loss 2.276488
Epoch 18 | Batch 30/100 | Loss 2.253666
Epoch 18 | Batch 40/100 | Loss 2.256431
Epoch 18 | Batch 50/100 | Loss 2.277732
Epoch 18 | Batch 60/100 | Loss 2.267051
Epoch 18 | Batch 70/100 | Loss 2.256600
Epoch 18 | Batch 80/100 | Loss 2.263899
Epoch 18 | Batch 90/100 | Loss 2.256356
Epoch 19 | Batch 0/100 | Loss 2.258224
Epoch 19 | Batch 10/100 | Loss 2.334790
Epoch 19 | Batch 20/100 | Loss 2.326780
Epoch 19 | Batch 30/100 | Loss 2.336273
Epoch 19 | Batch 40/100 | Loss 2.292520
Epoch 19 | Batch 50/100 | Loss 2.301608
Epoch 19 | Batch 60/100 | Loss 2.302310
Epoch 19 | Batch 70/100 | Loss 2.303032
Epoch 19 | Batch 80/100 | Loss 2.295827
Epoch 19 | Batch 90/100 | Loss 2.300311
Epoch 20 | Batch 0/100 | Loss 2.478343
Epoch 20 | Batch 10/100 | Loss 2.332937
Epoch 20 | Batch 20/100 | Loss 2.256760
Epoch 20 | Batch 30/100 | Loss 2.280383
Epoch 20 | Batch 40/100 | Loss 2.276104
Epoch 20 | Batch 50/100 | Loss 2.304027
Epoch 20 | Batch 60/100 | Loss 2.292946
Epoch 20 | Batch 70/100 | Loss 2.302749
Epoch 20 | Batch 80/100 | Loss 2.318339
Epoch 20 | Batch 90/100 | Loss 2.317588
One iteration : 12.42932677268982s
100 Test Acc = 23.11% +- 1.14%
Epoch 21 | Batch 0/100 | Loss 2.542531
Epoch 21 | Batch 10/100 | Loss 2.453368
Epoch 21 | Batch 20/100 | Loss 2.359109
Epoch 21 | Batch 30/100 | Loss 2.281421
Epoch 21 | Batch 40/100 | Loss 2.267603
Epoch 21 | Batch 50/100 | Loss 2.215520
Epoch 21 | Batch 60/100 | Loss 2.197683
Epoch 21 | Batch 70/100 | Loss 2.207797
Epoch 21 | Batch 80/100 | Loss 2.209944
Epoch 21 | Batch 90/100 | Loss 2.221829
Epoch 22 | Batch 0/100 | Loss 1.889688
Epoch 22 | Batch 10/100 | Loss 2.233420
Epoch 22 | Batch 20/100 | Loss 2.204696
Epoch 22 | Batch 30/100 | Loss 2.215302
Epoch 22 | Batch 40/100 | Loss 2.250964
Epoch 22 | Batch 50/100 | Loss 2.267091
Epoch 22 | Batch 60/100 | Loss 2.267522
Epoch 22 | Batch 70/100 | Loss 2.254889
Epoch 22 | Batch 80/100 | Loss 2.237095
Epoch 22 | Batch 90/100 | Loss 2.228937
Epoch 23 | Batch 0/100 | Loss 1.958150
Epoch 23 | Batch 10/100 | Loss 2.200710
Epoch 23 | Batch 20/100 | Loss 2.219154
Epoch 23 | Batch 30/100 | Loss 2.177648
Epoch 23 | Batch 40/100 | Loss 2.158309
Epoch 23 | Batch 50/100 | Loss 2.156244
Epoch 23 | Batch 60/100 | Loss 2.168492
Epoch 23 | Batch 70/100 | Loss 2.170641
Epoch 23 | Batch 80/100 | Loss 2.193637
Epoch 23 | Batch 90/100 | Loss 2.192358
Epoch 24 | Batch 0/100 | Loss 2.211998
Epoch 24 | Batch 10/100 | Loss 2.174249
Epoch 24 | Batch 20/100 | Loss 2.178901
Epoch 24 | Batch 30/100 | Loss 2.192667
Epoch 24 | Batch 40/100 | Loss 2.181020
Epoch 24 | Batch 50/100 | Loss 2.161097
Epoch 24 | Batch 60/100 | Loss 2.175862
Epoch 24 | Batch 70/100 | Loss 2.176317
Epoch 24 | Batch 80/100 | Loss 2.173228
Epoch 24 | Batch 90/100 | Loss 2.175939
Epoch 25 | Batch 0/100 | Loss 2.078642
Epoch 25 | Batch 10/100 | Loss 2.163414
Epoch 25 | Batch 20/100 | Loss 2.209923
Epoch 25 | Batch 30/100 | Loss 2.192096
Epoch 25 | Batch 40/100 | Loss 2.219270
Epoch 25 | Batch 50/100 | Loss 2.223698
Epoch 25 | Batch 60/100 | Loss 2.215841
Epoch 25 | Batch 70/100 | Loss 2.191238
Epoch 25 | Batch 80/100 | Loss 2.183095
Epoch 25 | Batch 90/100 | Loss 2.192488
One iteration : 12.3378427028656s
100 Test Acc = 23.57% +- 1.08%
--> Best model! save...
Epoch 26 | Batch 0/100 | Loss 2.391181
Epoch 26 | Batch 10/100 | Loss 2.133060
Epoch 26 | Batch 20/100 | Loss 2.130181
Epoch 26 | Batch 30/100 | Loss 2.168747
Epoch 26 | Batch 40/100 | Loss 2.172112
Epoch 26 | Batch 50/100 | Loss 2.184908
Epoch 26 | Batch 60/100 | Loss 2.173017
Epoch 26 | Batch 70/100 | Loss 2.155887
Epoch 26 | Batch 80/100 | Loss 2.160541
Epoch 26 | Batch 90/100 | Loss 2.168727
Epoch 27 | Batch 0/100 | Loss 2.473318
Epoch 27 | Batch 10/100 | Loss 2.201221
Epoch 27 | Batch 20/100 | Loss 2.196913
Epoch 27 | Batch 30/100 | Loss 2.198308
Epoch 27 | Batch 40/100 | Loss 2.190826
Epoch 27 | Batch 50/100 | Loss 2.194174
Epoch 27 | Batch 60/100 | Loss 2.206174
Epoch 27 | Batch 70/100 | Loss 2.223557
Epoch 27 | Batch 80/100 | Loss 2.215082
Epoch 27 | Batch 90/100 | Loss 2.217998
Epoch 28 | Batch 0/100 | Loss 1.914929
Epoch 28 | Batch 10/100 | Loss 2.157014
Epoch 28 | Batch 20/100 | Loss 2.132337
Epoch 28 | Batch 30/100 | Loss 2.148933
Epoch 28 | Batch 40/100 | Loss 2.166684
Epoch 28 | Batch 50/100 | Loss 2.184499
Epoch 28 | Batch 60/100 | Loss 2.195725
Epoch 28 | Batch 70/100 | Loss 2.206347
Epoch 28 | Batch 80/100 | Loss 2.204270
Epoch 28 | Batch 90/100 | Loss 2.202492
Epoch 29 | Batch 0/100 | Loss 2.552018
Epoch 29 | Batch 10/100 | Loss 2.237622
Epoch 29 | Batch 20/100 | Loss 2.269546
Epoch 29 | Batch 30/100 | Loss 2.250786
Epoch 29 | Batch 40/100 | Loss 2.243033
Epoch 29 | Batch 50/100 | Loss 2.235382
Epoch 29 | Batch 60/100 | Loss 2.235482
Epoch 29 | Batch 70/100 | Loss 2.222183
Epoch 29 | Batch 80/100 | Loss 2.229285
Epoch 29 | Batch 90/100 | Loss 2.242453
Epoch 30 | Batch 0/100 | Loss 2.062921
Epoch 30 | Batch 10/100 | Loss 2.246392
Epoch 30 | Batch 20/100 | Loss 2.292985
Epoch 30 | Batch 30/100 | Loss 2.307477
Epoch 30 | Batch 40/100 | Loss 2.295380
Epoch 30 | Batch 50/100 | Loss 2.298909
Epoch 30 | Batch 60/100 | Loss 2.290064
Epoch 30 | Batch 70/100 | Loss 2.300206
Epoch 30 | Batch 80/100 | Loss 2.278350
Epoch 30 | Batch 90/100 | Loss 2.272494
One iteration : 12.719387769699097s
100 Test Acc = 24.40% +- 0.99%
--> Best model! save...
Epoch 31 | Batch 0/100 | Loss 2.444432
Epoch 31 | Batch 10/100 | Loss 2.299026
Epoch 31 | Batch 20/100 | Loss 2.322992
Epoch 31 | Batch 30/100 | Loss 2.291513
Epoch 31 | Batch 40/100 | Loss 2.288970
Epoch 31 | Batch 50/100 | Loss 2.267762
Epoch 31 | Batch 60/100 | Loss 2.245711
Epoch 31 | Batch 70/100 | Loss 2.246463
Epoch 31 | Batch 80/100 | Loss 2.244665
Epoch 31 | Batch 90/100 | Loss 2.246779
Epoch 32 | Batch 0/100 | Loss 2.352762
Epoch 32 | Batch 10/100 | Loss 2.246341
Epoch 32 | Batch 20/100 | Loss 2.304474
Epoch 32 | Batch 30/100 | Loss 2.295652
Epoch 32 | Batch 40/100 | Loss 2.246388
Epoch 32 | Batch 50/100 | Loss 2.262373
Epoch 32 | Batch 60/100 | Loss 2.265537
Epoch 32 | Batch 70/100 | Loss 2.262003
Epoch 32 | Batch 80/100 | Loss 2.245591
Epoch 32 | Batch 90/100 | Loss 2.238286
Epoch 33 | Batch 0/100 | Loss 2.150778
Epoch 33 | Batch 10/100 | Loss 2.302063
Epoch 33 | Batch 20/100 | Loss 2.356078
Epoch 33 | Batch 30/100 | Loss 2.343655
Epoch 33 | Batch 40/100 | Loss 2.340685
Epoch 33 | Batch 50/100 | Loss 2.324806
Epoch 33 | Batch 60/100 | Loss 2.299430
Epoch 33 | Batch 70/100 | Loss 2.279355
Epoch 33 | Batch 80/100 | Loss 2.270507
Epoch 33 | Batch 90/100 | Loss 2.262594
Epoch 34 | Batch 0/100 | Loss 1.986643
Epoch 34 | Batch 10/100 | Loss 2.276611
Epoch 34 | Batch 20/100 | Loss 2.251214
Epoch 34 | Batch 30/100 | Loss 2.233175
Epoch 34 | Batch 40/100 | Loss 2.244139
Epoch 34 | Batch 50/100 | Loss 2.219709
Epoch 34 | Batch 60/100 | Loss 2.215780
Epoch 34 | Batch 70/100 | Loss 2.229223
Epoch 34 | Batch 80/100 | Loss 2.226618
Epoch 34 | Batch 90/100 | Loss 2.226963
Epoch 35 | Batch 0/100 | Loss 2.106983
Epoch 35 | Batch 10/100 | Loss 2.118398
Epoch 35 | Batch 20/100 | Loss 2.125499
Epoch 35 | Batch 30/100 | Loss 2.193741
Epoch 35 | Batch 40/100 | Loss 2.215341
Epoch 35 | Batch 50/100 | Loss 2.233366
Epoch 35 | Batch 60/100 | Loss 2.233833
Epoch 35 | Batch 70/100 | Loss 2.210349
Epoch 35 | Batch 80/100 | Loss 2.195281
Epoch 35 | Batch 90/100 | Loss 2.199156
One iteration : 12.360766887664795s
100 Test Acc = 24.02% +- 1.04%
Epoch 36 | Batch 0/100 | Loss 2.171975
Epoch 36 | Batch 10/100 | Loss 2.268772
Epoch 36 | Batch 20/100 | Loss 2.271588
Epoch 36 | Batch 30/100 | Loss 2.268848
Epoch 36 | Batch 40/100 | Loss 2.271620
Epoch 36 | Batch 50/100 | Loss 2.252209
Epoch 36 | Batch 60/100 | Loss 2.224010
Epoch 36 | Batch 70/100 | Loss 2.249995
Epoch 36 | Batch 80/100 | Loss 2.265270
Epoch 36 | Batch 90/100 | Loss 2.265411
Epoch 37 | Batch 0/100 | Loss 2.037608
Epoch 37 | Batch 10/100 | Loss 2.157291
Epoch 37 | Batch 20/100 | Loss 2.220374
Epoch 37 | Batch 30/100 | Loss 2.207232
Epoch 37 | Batch 40/100 | Loss 2.225332
Epoch 37 | Batch 50/100 | Loss 2.232858
Epoch 37 | Batch 60/100 | Loss 2.213409
Epoch 37 | Batch 70/100 | Loss 2.208739
Epoch 37 | Batch 80/100 | Loss 2.204917
Epoch 37 | Batch 90/100 | Loss 2.203411
Epoch 38 | Batch 0/100 | Loss 2.457711
Epoch 38 | Batch 10/100 | Loss 2.218234
Epoch 38 | Batch 20/100 | Loss 2.219252
Epoch 38 | Batch 30/100 | Loss 2.233204
Epoch 38 | Batch 40/100 | Loss 2.214852
Epoch 38 | Batch 50/100 | Loss 2.221413
Epoch 38 | Batch 60/100 | Loss 2.216160
Epoch 38 | Batch 70/100 | Loss 2.220830
Epoch 38 | Batch 80/100 | Loss 2.224199
Epoch 38 | Batch 90/100 | Loss 2.226435
Epoch 39 | Batch 0/100 | Loss 2.079946
Epoch 39 | Batch 10/100 | Loss 2.264571
Epoch 39 | Batch 20/100 | Loss 2.308241
Epoch 39 | Batch 30/100 | Loss 2.320087
Epoch 39 | Batch 40/100 | Loss 2.325159
Epoch 39 | Batch 50/100 | Loss 2.316780
Epoch 39 | Batch 60/100 | Loss 2.326579
Epoch 39 | Batch 70/100 | Loss 2.312665
Epoch 39 | Batch 80/100 | Loss 2.322992
Epoch 39 | Batch 90/100 | Loss 2.328849
Epoch 40 | Batch 0/100 | Loss 2.478352
Epoch 40 | Batch 10/100 | Loss 2.302608
Epoch 40 | Batch 20/100 | Loss 2.253867
Epoch 40 | Batch 30/100 | Loss 2.251610
Epoch 40 | Batch 40/100 | Loss 2.289570
Epoch 40 | Batch 50/100 | Loss 2.285185
Epoch 40 | Batch 60/100 | Loss 2.294026
Epoch 40 | Batch 70/100 | Loss 2.287574
Epoch 40 | Batch 80/100 | Loss 2.292833
Epoch 40 | Batch 90/100 | Loss 2.302387
One iteration : 11.900977373123169s
100 Test Acc = 24.81% +- 0.94%
--> Best model! save...
Epoch 41 | Batch 0/100 | Loss 2.152745
Epoch 41 | Batch 10/100 | Loss 2.164354
Epoch 41 | Batch 20/100 | Loss 2.253157
Epoch 41 | Batch 30/100 | Loss 2.280226
Epoch 41 | Batch 40/100 | Loss 2.328476
Epoch 41 | Batch 50/100 | Loss 2.299015
Epoch 41 | Batch 60/100 | Loss 2.290721
Epoch 41 | Batch 70/100 | Loss 2.298658
Epoch 41 | Batch 80/100 | Loss 2.297804
Epoch 41 | Batch 90/100 | Loss 2.285687
Epoch 42 | Batch 0/100 | Loss 1.933960
Epoch 42 | Batch 10/100 | Loss 2.381201
Epoch 42 | Batch 20/100 | Loss 2.356471
Epoch 42 | Batch 30/100 | Loss 2.337226
Epoch 42 | Batch 40/100 | Loss 2.343353
Epoch 42 | Batch 50/100 | Loss 2.339211
Epoch 42 | Batch 60/100 | Loss 2.347184
Epoch 42 | Batch 70/100 | Loss 2.366553
Epoch 42 | Batch 80/100 | Loss 2.374018
Epoch 42 | Batch 90/100 | Loss 2.375479
Epoch 43 | Batch 0/100 | Loss 1.844759
Epoch 43 | Batch 10/100 | Loss 2.285702
Epoch 43 | Batch 20/100 | Loss 2.317992
Epoch 43 | Batch 30/100 | Loss 2.392191
Epoch 43 | Batch 40/100 | Loss 2.404862
Epoch 43 | Batch 50/100 | Loss 2.454273
Epoch 43 | Batch 60/100 | Loss 2.440533
Epoch 43 | Batch 70/100 | Loss 2.452855
Epoch 43 | Batch 80/100 | Loss 2.453086
Epoch 43 | Batch 90/100 | Loss 2.437600
Epoch 44 | Batch 0/100 | Loss 2.482730
Epoch 44 | Batch 10/100 | Loss 2.501702
Epoch 44 | Batch 20/100 | Loss 2.449429
Epoch 44 | Batch 30/100 | Loss 2.407778
Epoch 44 | Batch 40/100 | Loss 2.396219
Epoch 44 | Batch 50/100 | Loss 2.406631
Epoch 44 | Batch 60/100 | Loss 2.437491
Epoch 44 | Batch 70/100 | Loss 2.443766
Epoch 44 | Batch 80/100 | Loss 2.431413
Epoch 44 | Batch 90/100 | Loss 2.439860
Epoch 45 | Batch 0/100 | Loss 2.296591
Epoch 45 | Batch 10/100 | Loss 2.463036
Epoch 45 | Batch 20/100 | Loss 2.559336
Epoch 45 | Batch 30/100 | Loss 2.519452
Epoch 45 | Batch 40/100 | Loss 2.488718
Epoch 45 | Batch 50/100 | Loss 2.446816
Epoch 45 | Batch 60/100 | Loss 2.439107
Epoch 45 | Batch 70/100 | Loss 2.457700
Epoch 45 | Batch 80/100 | Loss 2.455843
Epoch 45 | Batch 90/100 | Loss 2.462855
One iteration : 12.15623140335083s
100 Test Acc = 23.34% +- 1.16%
Epoch 46 | Batch 0/100 | Loss 2.898457
Epoch 46 | Batch 10/100 | Loss 2.620882
Epoch 46 | Batch 20/100 | Loss 2.489508
Epoch 46 | Batch 30/100 | Loss 2.433517
Epoch 46 | Batch 40/100 | Loss 2.407951
Epoch 46 | Batch 50/100 | Loss 2.464869
Epoch 46 | Batch 60/100 | Loss 2.502077
Epoch 46 | Batch 70/100 | Loss 2.491809
Epoch 46 | Batch 80/100 | Loss 2.468254
Epoch 46 | Batch 90/100 | Loss 2.470177
Epoch 47 | Batch 0/100 | Loss 2.343104
Epoch 47 | Batch 10/100 | Loss 2.434676
Epoch 47 | Batch 20/100 | Loss 2.418555
Epoch 47 | Batch 30/100 | Loss 2.503393
Epoch 47 | Batch 40/100 | Loss 2.490511
Epoch 47 | Batch 50/100 | Loss 2.507241
Epoch 47 | Batch 60/100 | Loss 2.469401
Epoch 47 | Batch 70/100 | Loss 2.459031
Epoch 47 | Batch 80/100 | Loss 2.474148
Epoch 47 | Batch 90/100 | Loss 2.473418
Epoch 48 | Batch 0/100 | Loss 2.710699
Epoch 48 | Batch 10/100 | Loss 2.363116
Epoch 48 | Batch 20/100 | Loss 2.364134
Epoch 48 | Batch 30/100 | Loss 2.293060
Epoch 48 | Batch 40/100 | Loss 2.357851
Epoch 48 | Batch 50/100 | Loss 2.397709
Epoch 48 | Batch 60/100 | Loss 2.391431
Epoch 48 | Batch 70/100 | Loss 2.407722
Epoch 48 | Batch 80/100 | Loss 2.426213
Epoch 48 | Batch 90/100 | Loss 2.444268
Epoch 49 | Batch 0/100 | Loss 2.445720
Epoch 49 | Batch 10/100 | Loss 2.577951
Epoch 49 | Batch 20/100 | Loss 2.528482
Epoch 49 | Batch 30/100 | Loss 2.494489
Epoch 49 | Batch 40/100 | Loss 2.503087
Epoch 49 | Batch 50/100 | Loss 2.517797
Epoch 49 | Batch 60/100 | Loss 2.481910
Epoch 49 | Batch 70/100 | Loss 2.441343
Epoch 49 | Batch 80/100 | Loss 2.438075
Epoch 49 | Batch 90/100 | Loss 2.450793
Epoch 50 | Batch 0/100 | Loss 2.798361
Epoch 50 | Batch 10/100 | Loss 2.537418
Epoch 50 | Batch 20/100 | Loss 2.492106
Epoch 50 | Batch 30/100 | Loss 2.534862
Epoch 50 | Batch 40/100 | Loss 2.478134
Epoch 50 | Batch 50/100 | Loss 2.469145
Epoch 50 | Batch 60/100 | Loss 2.448509
Epoch 50 | Batch 70/100 | Loss 2.419293
Epoch 50 | Batch 80/100 | Loss 2.410856
Epoch 50 | Batch 90/100 | Loss 2.433825
One iteration : 12.504641771316528s
100 Test Acc = 22.73% +- 1.20%
Epoch 51 | Batch 0/100 | Loss 2.232309
Epoch 51 | Batch 10/100 | Loss 2.499612
Epoch 51 | Batch 20/100 | Loss 2.501546
Epoch 51 | Batch 30/100 | Loss 2.467836
Epoch 51 | Batch 40/100 | Loss 2.427628
Epoch 51 | Batch 50/100 | Loss 2.370875
Epoch 51 | Batch 60/100 | Loss 2.389833
Epoch 51 | Batch 70/100 | Loss 2.412380
Epoch 51 | Batch 80/100 | Loss 2.437499
Epoch 51 | Batch 90/100 | Loss 2.438913
Epoch 52 | Batch 0/100 | Loss 2.624922
Epoch 52 | Batch 10/100 | Loss 2.401402
Epoch 52 | Batch 20/100 | Loss 2.405896
Epoch 52 | Batch 30/100 | Loss 2.465228
Epoch 52 | Batch 40/100 | Loss 2.455553
Epoch 52 | Batch 50/100 | Loss 2.460959
Epoch 52 | Batch 60/100 | Loss 2.442002
Epoch 52 | Batch 70/100 | Loss 2.438866
Epoch 52 | Batch 80/100 | Loss 2.441643
Epoch 52 | Batch 90/100 | Loss 2.458426
Epoch 53 | Batch 0/100 | Loss 2.722014
Epoch 53 | Batch 10/100 | Loss 2.268745
Epoch 53 | Batch 20/100 | Loss 2.311819
Epoch 53 | Batch 30/100 | Loss 2.365879
Epoch 53 | Batch 40/100 | Loss 2.359310
Epoch 53 | Batch 50/100 | Loss 2.374942
Epoch 53 | Batch 60/100 | Loss 2.408204
Epoch 53 | Batch 70/100 | Loss 2.424787
Epoch 53 | Batch 80/100 | Loss 2.398772
Epoch 53 | Batch 90/100 | Loss 2.406765
Epoch 54 | Batch 0/100 | Loss 1.971097
Epoch 54 | Batch 10/100 | Loss 2.381047
Epoch 54 | Batch 20/100 | Loss 2.344691
Epoch 54 | Batch 30/100 | Loss 2.370075
Epoch 54 | Batch 40/100 | Loss 2.395085
Epoch 54 | Batch 50/100 | Loss 2.399170
Epoch 54 | Batch 60/100 | Loss 2.413335
Epoch 54 | Batch 70/100 | Loss 2.432655
Epoch 54 | Batch 80/100 | Loss 2.426517
Epoch 54 | Batch 90/100 | Loss 2.403254
Epoch 55 | Batch 0/100 | Loss 2.974000
Epoch 55 | Batch 10/100 | Loss 2.550696
Epoch 55 | Batch 20/100 | Loss 2.467631
Epoch 55 | Batch 30/100 | Loss 2.426025
Epoch 55 | Batch 40/100 | Loss 2.430406
Epoch 55 | Batch 50/100 | Loss 2.417020
Epoch 55 | Batch 60/100 | Loss 2.419938
Epoch 55 | Batch 70/100 | Loss 2.418665
Epoch 55 | Batch 80/100 | Loss 2.418095
Epoch 55 | Batch 90/100 | Loss 2.432576
One iteration : 12.059512615203857s
100 Test Acc = 23.54% +- 1.03%
Epoch 56 | Batch 0/100 | Loss 2.112028
Epoch 56 | Batch 10/100 | Loss 2.522877
Epoch 56 | Batch 20/100 | Loss 2.366777
Epoch 56 | Batch 30/100 | Loss 2.467158
Epoch 56 | Batch 40/100 | Loss 2.445272
Epoch 56 | Batch 50/100 | Loss 2.468026
Epoch 56 | Batch 60/100 | Loss 2.489325
Epoch 56 | Batch 70/100 | Loss 2.485988
Epoch 56 | Batch 80/100 | Loss 2.541814
Epoch 56 | Batch 90/100 | Loss 2.523996
Epoch 57 | Batch 0/100 | Loss 2.764668
Epoch 57 | Batch 10/100 | Loss 2.732316
Epoch 57 | Batch 20/100 | Loss 2.700058
Epoch 57 | Batch 30/100 | Loss 2.658913
Epoch 57 | Batch 40/100 | Loss 2.644241
Epoch 57 | Batch 50/100 | Loss 2.612824
Epoch 57 | Batch 60/100 | Loss 2.626299
Epoch 57 | Batch 70/100 | Loss 2.605990
Epoch 57 | Batch 80/100 | Loss 2.594472
Epoch 57 | Batch 90/100 | Loss 2.582269
Epoch 58 | Batch 0/100 | Loss 2.607700
Epoch 58 | Batch 10/100 | Loss 2.514341
Epoch 58 | Batch 20/100 | Loss 2.642196
Epoch 58 | Batch 30/100 | Loss 2.538479
Epoch 58 | Batch 40/100 | Loss 2.474962
Epoch 58 | Batch 50/100 | Loss 2.489623
Epoch 58 | Batch 60/100 | Loss 2.470034
Epoch 58 | Batch 70/100 | Loss 2.475757
Epoch 58 | Batch 80/100 | Loss 2.458120
Epoch 58 | Batch 90/100 | Loss 2.460853
Epoch 59 | Batch 0/100 | Loss 2.687350
Epoch 59 | Batch 10/100 | Loss 2.541296
Epoch 59 | Batch 20/100 | Loss 2.605175
Epoch 59 | Batch 30/100 | Loss 2.596003
Epoch 59 | Batch 40/100 | Loss 2.578529
Epoch 59 | Batch 50/100 | Loss 2.580842
Epoch 59 | Batch 60/100 | Loss 2.565895
Epoch 59 | Batch 70/100 | Loss 2.564761
Epoch 59 | Batch 80/100 | Loss 2.560830
Epoch 59 | Batch 90/100 | Loss 2.536302
Epoch 60 | Batch 0/100 | Loss 2.505598
Epoch 60 | Batch 10/100 | Loss 2.405893
Epoch 60 | Batch 20/100 | Loss 2.396237
Epoch 60 | Batch 30/100 | Loss 2.438455
Epoch 60 | Batch 40/100 | Loss 2.486815
Epoch 60 | Batch 50/100 | Loss 2.505531
Epoch 60 | Batch 60/100 | Loss 2.496120
Epoch 60 | Batch 70/100 | Loss 2.483141
Epoch 60 | Batch 80/100 | Loss 2.467600
Epoch 60 | Batch 90/100 | Loss 2.452638
One iteration : 13.028756141662598s
100 Test Acc = 23.27% +- 1.18%
Epoch 61 | Batch 0/100 | Loss 2.218683
Epoch 61 | Batch 10/100 | Loss 2.509883
Epoch 61 | Batch 20/100 | Loss 2.439697
Epoch 61 | Batch 30/100 | Loss 2.375770
Epoch 61 | Batch 40/100 | Loss 2.381952
Epoch 61 | Batch 50/100 | Loss 2.390372
Epoch 61 | Batch 60/100 | Loss 2.405108
Epoch 61 | Batch 70/100 | Loss 2.411591
Epoch 61 | Batch 80/100 | Loss 2.425898
Epoch 61 | Batch 90/100 | Loss 2.427272
Epoch 62 | Batch 0/100 | Loss 2.445110
Epoch 62 | Batch 10/100 | Loss 2.729662
Epoch 62 | Batch 20/100 | Loss 2.633145
Epoch 62 | Batch 30/100 | Loss 2.590589
Epoch 62 | Batch 40/100 | Loss 2.534775
Epoch 62 | Batch 50/100 | Loss 2.507609
Epoch 62 | Batch 60/100 | Loss 2.508653
Epoch 62 | Batch 70/100 | Loss 2.548158
Epoch 62 | Batch 80/100 | Loss 2.540989
Epoch 62 | Batch 90/100 | Loss 2.535445
Epoch 63 | Batch 0/100 | Loss 2.959939
Epoch 63 | Batch 10/100 | Loss 2.604971
Epoch 63 | Batch 20/100 | Loss 2.606126
Epoch 63 | Batch 30/100 | Loss 2.519546
Epoch 63 | Batch 40/100 | Loss 2.466419
Epoch 63 | Batch 50/100 | Loss 2.454819
Epoch 63 | Batch 60/100 | Loss 2.427059
Epoch 63 | Batch 70/100 | Loss 2.459824
Epoch 63 | Batch 80/100 | Loss 2.473086
Epoch 63 | Batch 90/100 | Loss 2.464683
Epoch 64 | Batch 0/100 | Loss 2.823024
Epoch 64 | Batch 10/100 | Loss 2.515646
Epoch 64 | Batch 20/100 | Loss 2.461053
Epoch 64 | Batch 30/100 | Loss 2.412555
Epoch 64 | Batch 40/100 | Loss 2.471953
Epoch 64 | Batch 50/100 | Loss 2.474699
Epoch 64 | Batch 60/100 | Loss 2.480269
Epoch 64 | Batch 70/100 | Loss 2.461796
Epoch 64 | Batch 80/100 | Loss 2.459139
Epoch 64 | Batch 90/100 | Loss 2.467417
Epoch 65 | Batch 0/100 | Loss 2.714645
Epoch 65 | Batch 10/100 | Loss 2.504043
Epoch 65 | Batch 20/100 | Loss 2.441212
Epoch 65 | Batch 30/100 | Loss 2.425375
Epoch 65 | Batch 40/100 | Loss 2.463882
Epoch 65 | Batch 50/100 | Loss 2.477389
Epoch 65 | Batch 60/100 | Loss 2.469278
Epoch 65 | Batch 70/100 | Loss 2.437997
Epoch 65 | Batch 80/100 | Loss 2.428889
Epoch 65 | Batch 90/100 | Loss 2.454144
One iteration : 12.203943252563477s
100 Test Acc = 23.49% +- 1.00%
Epoch 66 | Batch 0/100 | Loss 3.085038
Epoch 66 | Batch 10/100 | Loss 2.366591
Epoch 66 | Batch 20/100 | Loss 2.407719
Epoch 66 | Batch 30/100 | Loss 2.459410
Epoch 66 | Batch 40/100 | Loss 2.454757
Epoch 66 | Batch 50/100 | Loss 2.466169
Epoch 66 | Batch 60/100 | Loss 2.461286
Epoch 66 | Batch 70/100 | Loss 2.442919
Epoch 66 | Batch 80/100 | Loss 2.456527
Epoch 66 | Batch 90/100 | Loss 2.454867
Epoch 67 | Batch 0/100 | Loss 3.214703
Epoch 67 | Batch 10/100 | Loss 2.438927
Epoch 67 | Batch 20/100 | Loss 2.493475
Epoch 67 | Batch 30/100 | Loss 2.468802
Epoch 67 | Batch 40/100 | Loss 2.516027
Epoch 67 | Batch 50/100 | Loss 2.531775
Epoch 67 | Batch 60/100 | Loss 2.507989
Epoch 67 | Batch 70/100 | Loss 2.510896
Epoch 67 | Batch 80/100 | Loss 2.511739
Epoch 67 | Batch 90/100 | Loss 2.528360
Epoch 68 | Batch 0/100 | Loss 1.774704
Epoch 68 | Batch 10/100 | Loss 2.296059
Epoch 68 | Batch 20/100 | Loss 2.407573
Epoch 68 | Batch 30/100 | Loss 2.469826
Epoch 68 | Batch 40/100 | Loss 2.481729
Epoch 68 | Batch 50/100 | Loss 2.469214
Epoch 68 | Batch 60/100 | Loss 2.475076
Epoch 68 | Batch 70/100 | Loss 2.449014
Epoch 68 | Batch 80/100 | Loss 2.439170
Epoch 68 | Batch 90/100 | Loss 2.414012
Epoch 69 | Batch 0/100 | Loss 2.516314
Epoch 69 | Batch 10/100 | Loss 2.503204
Epoch 69 | Batch 20/100 | Loss 2.613665
Epoch 69 | Batch 30/100 | Loss 2.533652
Epoch 69 | Batch 40/100 | Loss 2.565674
Epoch 69 | Batch 50/100 | Loss 2.566600
Epoch 69 | Batch 60/100 | Loss 2.527775
Epoch 69 | Batch 70/100 | Loss 2.515512
Epoch 69 | Batch 80/100 | Loss 2.499168
Epoch 69 | Batch 90/100 | Loss 2.484782
Epoch 70 | Batch 0/100 | Loss 2.322097
Epoch 70 | Batch 10/100 | Loss 2.444196
Epoch 70 | Batch 20/100 | Loss 2.616918
Epoch 70 | Batch 30/100 | Loss 2.497760
Epoch 70 | Batch 40/100 | Loss 2.506917
Epoch 70 | Batch 50/100 | Loss 2.435115
Epoch 70 | Batch 60/100 | Loss 2.410490
Epoch 70 | Batch 70/100 | Loss 2.408835
Epoch 70 | Batch 80/100 | Loss 2.416267
Epoch 70 | Batch 90/100 | Loss 2.413083
One iteration : 12.581871032714844s
100 Test Acc = 23.31% +- 1.14%
Epoch 71 | Batch 0/100 | Loss 2.493531
Epoch 71 | Batch 10/100 | Loss 2.592546
Epoch 71 | Batch 20/100 | Loss 2.603111
Epoch 71 | Batch 30/100 | Loss 2.514364
Epoch 71 | Batch 40/100 | Loss 2.509147
Epoch 71 | Batch 50/100 | Loss 2.493218
Epoch 71 | Batch 60/100 | Loss 2.476830
Epoch 71 | Batch 70/100 | Loss 2.459410
Epoch 71 | Batch 80/100 | Loss 2.443467
Epoch 71 | Batch 90/100 | Loss 2.440733
Epoch 72 | Batch 0/100 | Loss 2.544448
Epoch 72 | Batch 10/100 | Loss 2.657517
Epoch 72 | Batch 20/100 | Loss 2.437328
Epoch 72 | Batch 30/100 | Loss 2.387719
Epoch 72 | Batch 40/100 | Loss 2.446544
Epoch 72 | Batch 50/100 | Loss 2.445631
Epoch 72 | Batch 60/100 | Loss 2.419596
Epoch 72 | Batch 70/100 | Loss 2.441651
Epoch 72 | Batch 80/100 | Loss 2.428442
Epoch 72 | Batch 90/100 | Loss 2.423136
Epoch 73 | Batch 0/100 | Loss 2.724820
Epoch 73 | Batch 10/100 | Loss 2.600977
Epoch 73 | Batch 20/100 | Loss 2.562571
Epoch 73 | Batch 30/100 | Loss 2.560749
Epoch 73 | Batch 40/100 | Loss 2.545229
Epoch 73 | Batch 50/100 | Loss 2.493872
Epoch 73 | Batch 60/100 | Loss 2.516689
Epoch 73 | Batch 70/100 | Loss 2.507893
Epoch 73 | Batch 80/100 | Loss 2.508393
Epoch 73 | Batch 90/100 | Loss 2.497756
Epoch 74 | Batch 0/100 | Loss 2.303964
Epoch 74 | Batch 10/100 | Loss 2.223745
Epoch 74 | Batch 20/100 | Loss 2.341685
Epoch 74 | Batch 30/100 | Loss 2.415344
Epoch 74 | Batch 40/100 | Loss 2.421394
Epoch 74 | Batch 50/100 | Loss 2.417817
Epoch 74 | Batch 60/100 | Loss 2.429437
Epoch 74 | Batch 70/100 | Loss 2.410040
Epoch 74 | Batch 80/100 | Loss 2.416067
Epoch 74 | Batch 90/100 | Loss 2.418702
Epoch 75 | Batch 0/100 | Loss 2.154784
Epoch 75 | Batch 10/100 | Loss 2.541235
Epoch 75 | Batch 20/100 | Loss 2.542419
Epoch 75 | Batch 30/100 | Loss 2.535578
Epoch 75 | Batch 40/100 | Loss 2.517139
Epoch 75 | Batch 50/100 | Loss 2.489220
Epoch 75 | Batch 60/100 | Loss 2.469857
Epoch 75 | Batch 70/100 | Loss 2.453088
Epoch 75 | Batch 80/100 | Loss 2.450618
Epoch 75 | Batch 90/100 | Loss 2.435744
One iteration : 12.670925617218018s
100 Test Acc = 23.00% +- 1.12%
Epoch 76 | Batch 0/100 | Loss 3.479182
Epoch 76 | Batch 10/100 | Loss 2.560804
Epoch 76 | Batch 20/100 | Loss 2.483173
Epoch 76 | Batch 30/100 | Loss 2.534459
Epoch 76 | Batch 40/100 | Loss 2.524601
Epoch 76 | Batch 50/100 | Loss 2.537403
Epoch 76 | Batch 60/100 | Loss 2.503164
Epoch 76 | Batch 70/100 | Loss 2.517105
Epoch 76 | Batch 80/100 | Loss 2.516615
Epoch 76 | Batch 90/100 | Loss 2.496048
Epoch 77 | Batch 0/100 | Loss 2.993191
Epoch 77 | Batch 10/100 | Loss 2.537172
Epoch 77 | Batch 20/100 | Loss 2.528087
Epoch 77 | Batch 30/100 | Loss 2.524916
Epoch 77 | Batch 40/100 | Loss 2.525057
Epoch 77 | Batch 50/100 | Loss 2.478148
Epoch 77 | Batch 60/100 | Loss 2.452794
Epoch 77 | Batch 70/100 | Loss 2.476804
Epoch 77 | Batch 80/100 | Loss 2.452610
Epoch 77 | Batch 90/100 | Loss 2.443308
Epoch 78 | Batch 0/100 | Loss 2.352961
Epoch 78 | Batch 10/100 | Loss 2.635256
Epoch 78 | Batch 20/100 | Loss 2.612699
Epoch 78 | Batch 30/100 | Loss 2.536237
Epoch 78 | Batch 40/100 | Loss 2.523165
Epoch 78 | Batch 50/100 | Loss 2.510562
Epoch 78 | Batch 60/100 | Loss 2.491820
Epoch 78 | Batch 70/100 | Loss 2.522996
Epoch 78 | Batch 80/100 | Loss 2.497475
Epoch 78 | Batch 90/100 | Loss 2.466427
Epoch 79 | Batch 0/100 | Loss 2.266463
Epoch 79 | Batch 10/100 | Loss 2.462801
Epoch 79 | Batch 20/100 | Loss 2.530780
Epoch 79 | Batch 30/100 | Loss 2.474915
Epoch 79 | Batch 40/100 | Loss 2.464880
Epoch 79 | Batch 50/100 | Loss 2.461159
Epoch 79 | Batch 60/100 | Loss 2.450167
Epoch 79 | Batch 70/100 | Loss 2.441722
Epoch 79 | Batch 80/100 | Loss 2.464215
Epoch 79 | Batch 90/100 | Loss 2.469489
Epoch 80 | Batch 0/100 | Loss 2.513244
Epoch 80 | Batch 10/100 | Loss 2.464946
Epoch 80 | Batch 20/100 | Loss 2.495987
Epoch 80 | Batch 30/100 | Loss 2.453497
Epoch 80 | Batch 40/100 | Loss 2.476700
Epoch 80 | Batch 50/100 | Loss 2.502727
Epoch 80 | Batch 60/100 | Loss 2.496446
Epoch 80 | Batch 70/100 | Loss 2.493138
Epoch 80 | Batch 80/100 | Loss 2.490034
Epoch 80 | Batch 90/100 | Loss 2.475628
One iteration : 12.652666568756104s
100 Test Acc = 23.15% +- 1.16%
Epoch 81 | Batch 0/100 | Loss 3.171086
Epoch 81 | Batch 10/100 | Loss 2.364326
Epoch 81 | Batch 20/100 | Loss 2.434048
Epoch 81 | Batch 30/100 | Loss 2.393031
Epoch 81 | Batch 40/100 | Loss 2.425673
Epoch 81 | Batch 50/100 | Loss 2.439952
Epoch 81 | Batch 60/100 | Loss 2.462915
Epoch 81 | Batch 70/100 | Loss 2.464899
Epoch 81 | Batch 80/100 | Loss 2.430299
Epoch 81 | Batch 90/100 | Loss 2.425535
Epoch 82 | Batch 0/100 | Loss 2.273063
Epoch 82 | Batch 10/100 | Loss 2.428578
Epoch 82 | Batch 20/100 | Loss 2.421762
Epoch 82 | Batch 30/100 | Loss 2.393027
Epoch 82 | Batch 40/100 | Loss 2.435036
Epoch 82 | Batch 50/100 | Loss 2.429297
Epoch 82 | Batch 60/100 | Loss 2.464124
Epoch 82 | Batch 70/100 | Loss 2.453101
Epoch 82 | Batch 80/100 | Loss 2.445332
Epoch 82 | Batch 90/100 | Loss 2.432773
Epoch 83 | Batch 0/100 | Loss 2.201333
Epoch 83 | Batch 10/100 | Loss 2.366421
Epoch 83 | Batch 20/100 | Loss 2.327190
Epoch 83 | Batch 30/100 | Loss 2.372909
Epoch 83 | Batch 40/100 | Loss 2.390201
Epoch 83 | Batch 50/100 | Loss 2.358564
Epoch 83 | Batch 60/100 | Loss 2.410267
Epoch 83 | Batch 70/100 | Loss 2.425324
Epoch 83 | Batch 80/100 | Loss 2.405182
Epoch 83 | Batch 90/100 | Loss 2.394917
Epoch 84 | Batch 0/100 | Loss 2.508452
Epoch 84 | Batch 10/100 | Loss 2.510521
Epoch 84 | Batch 20/100 | Loss 2.397615
Epoch 84 | Batch 30/100 | Loss 2.452526
Epoch 84 | Batch 40/100 | Loss 2.470343
Epoch 84 | Batch 50/100 | Loss 2.494694
Epoch 84 | Batch 60/100 | Loss 2.492829
Epoch 84 | Batch 70/100 | Loss 2.492449
Epoch 84 | Batch 80/100 | Loss 2.478846
Epoch 84 | Batch 90/100 | Loss 2.476612
Epoch 85 | Batch 0/100 | Loss 2.378435
Epoch 85 | Batch 10/100 | Loss 2.325865
Epoch 85 | Batch 20/100 | Loss 2.320692
Epoch 85 | Batch 30/100 | Loss 2.364882
Epoch 85 | Batch 40/100 | Loss 2.371839
Epoch 85 | Batch 50/100 | Loss 2.379846
Epoch 85 | Batch 60/100 | Loss 2.396396
Epoch 85 | Batch 70/100 | Loss 2.400577
Epoch 85 | Batch 80/100 | Loss 2.420529
Epoch 85 | Batch 90/100 | Loss 2.426957
One iteration : 12.831182718276978s
100 Test Acc = 23.04% +- 1.07%
Epoch 86 | Batch 0/100 | Loss 2.373693
Epoch 86 | Batch 10/100 | Loss 2.404664
Epoch 86 | Batch 20/100 | Loss 2.505243
Epoch 86 | Batch 30/100 | Loss 2.516466
Epoch 86 | Batch 40/100 | Loss 2.486545
Epoch 86 | Batch 50/100 | Loss 2.491509
Epoch 86 | Batch 60/100 | Loss 2.473434
Epoch 86 | Batch 70/100 | Loss 2.463554
Epoch 86 | Batch 80/100 | Loss 2.482555
Epoch 86 | Batch 90/100 | Loss 2.476162
Epoch 87 | Batch 0/100 | Loss 2.080966
Epoch 87 | Batch 10/100 | Loss 2.408411
Epoch 87 | Batch 20/100 | Loss 2.440683
Epoch 87 | Batch 30/100 | Loss 2.441648
Epoch 87 | Batch 40/100 | Loss 2.415323
Epoch 87 | Batch 50/100 | Loss 2.415224
Epoch 87 | Batch 60/100 | Loss 2.399672
Epoch 87 | Batch 70/100 | Loss 2.422702
Epoch 87 | Batch 80/100 | Loss 2.412271
Epoch 87 | Batch 90/100 | Loss 2.416557
Epoch 88 | Batch 0/100 | Loss 2.360828
Epoch 88 | Batch 10/100 | Loss 2.333694
Epoch 88 | Batch 20/100 | Loss 2.262299
Epoch 88 | Batch 30/100 | Loss 2.292739
Epoch 88 | Batch 40/100 | Loss 2.341323
Epoch 88 | Batch 50/100 | Loss 2.327310
Epoch 88 | Batch 60/100 | Loss 2.330694
Epoch 88 | Batch 70/100 | Loss 2.349793
Epoch 88 | Batch 80/100 | Loss 2.356439
Epoch 88 | Batch 90/100 | Loss 2.365333
Epoch 89 | Batch 0/100 | Loss 2.602493
Epoch 89 | Batch 10/100 | Loss 2.421428
Epoch 89 | Batch 20/100 | Loss 2.551545
Epoch 89 | Batch 30/100 | Loss 2.501148
Epoch 89 | Batch 40/100 | Loss 2.478124
Epoch 89 | Batch 50/100 | Loss 2.419559
Epoch 89 | Batch 60/100 | Loss 2.410162
Epoch 89 | Batch 70/100 | Loss 2.419156
Epoch 89 | Batch 80/100 | Loss 2.415920
Epoch 89 | Batch 90/100 | Loss 2.418486
Epoch 90 | Batch 0/100 | Loss 2.100379
Epoch 90 | Batch 10/100 | Loss 2.310738
Epoch 90 | Batch 20/100 | Loss 2.337161
Epoch 90 | Batch 30/100 | Loss 2.349314
Epoch 90 | Batch 40/100 | Loss 2.356259
Epoch 90 | Batch 50/100 | Loss 2.346406
Epoch 90 | Batch 60/100 | Loss 2.342474
Epoch 90 | Batch 70/100 | Loss 2.340695
Epoch 90 | Batch 80/100 | Loss 2.366743
Epoch 90 | Batch 90/100 | Loss 2.369057
One iteration : 12.60493516921997s
100 Test Acc = 23.68% +- 1.24%
Epoch 91 | Batch 0/100 | Loss 2.233135
Epoch 91 | Batch 10/100 | Loss 2.429199
Epoch 91 | Batch 20/100 | Loss 2.466757
Epoch 91 | Batch 30/100 | Loss 2.397044
Epoch 91 | Batch 40/100 | Loss 2.400610
Epoch 91 | Batch 50/100 | Loss 2.404862
Epoch 91 | Batch 60/100 | Loss 2.392938
Epoch 91 | Batch 70/100 | Loss 2.394042
Epoch 91 | Batch 80/100 | Loss 2.391481
Epoch 91 | Batch 90/100 | Loss 2.376977
Epoch 92 | Batch 0/100 | Loss 2.160416
Epoch 92 | Batch 10/100 | Loss 2.237315
Epoch 92 | Batch 20/100 | Loss 2.193312
Epoch 92 | Batch 30/100 | Loss 2.236420
Epoch 92 | Batch 40/100 | Loss 2.231131
Epoch 92 | Batch 50/100 | Loss 2.288393
Epoch 92 | Batch 60/100 | Loss 2.291004
Epoch 92 | Batch 70/100 | Loss 2.306022
Epoch 92 | Batch 80/100 | Loss 2.312617
Epoch 92 | Batch 90/100 | Loss 2.318669
Epoch 93 | Batch 0/100 | Loss 2.610120
Epoch 93 | Batch 10/100 | Loss 2.350211
Epoch 93 | Batch 20/100 | Loss 2.370725
Epoch 93 | Batch 30/100 | Loss 2.377886
Epoch 93 | Batch 40/100 | Loss 2.374590
Epoch 93 | Batch 50/100 | Loss 2.380684
Epoch 93 | Batch 60/100 | Loss 2.364529
Epoch 93 | Batch 70/100 | Loss 2.393042
Epoch 93 | Batch 80/100 | Loss 2.432277
Epoch 93 | Batch 90/100 | Loss 2.427469
Epoch 94 | Batch 0/100 | Loss 2.430833
Epoch 94 | Batch 10/100 | Loss 2.545723
Epoch 94 | Batch 20/100 | Loss 2.498011
Epoch 94 | Batch 30/100 | Loss 2.475400
Epoch 94 | Batch 40/100 | Loss 2.475212
Epoch 94 | Batch 50/100 | Loss 2.442558
Epoch 94 | Batch 60/100 | Loss 2.449887
Epoch 94 | Batch 70/100 | Loss 2.445968
Epoch 94 | Batch 80/100 | Loss 2.444512
Epoch 94 | Batch 90/100 | Loss 2.432927
Epoch 95 | Batch 0/100 | Loss 1.797430
Epoch 95 | Batch 10/100 | Loss 2.180048
Epoch 95 | Batch 20/100 | Loss 2.235416
Epoch 95 | Batch 30/100 | Loss 2.270030
Epoch 95 | Batch 40/100 | Loss 2.329630
Epoch 95 | Batch 50/100 | Loss 2.320544
Epoch 95 | Batch 60/100 | Loss 2.372492
Epoch 95 | Batch 70/100 | Loss 2.398734
Epoch 95 | Batch 80/100 | Loss 2.399626
Epoch 95 | Batch 90/100 | Loss 2.386389
One iteration : 12.431442260742188s
100 Test Acc = 24.18% +- 1.16%
Epoch 96 | Batch 0/100 | Loss 2.336892
Epoch 96 | Batch 10/100 | Loss 2.411203
Epoch 96 | Batch 20/100 | Loss 2.452773
Epoch 96 | Batch 30/100 | Loss 2.465302
Epoch 96 | Batch 40/100 | Loss 2.451874
Epoch 96 | Batch 50/100 | Loss 2.466515
Epoch 96 | Batch 60/100 | Loss 2.470210
Epoch 96 | Batch 70/100 | Loss 2.497480
Epoch 96 | Batch 80/100 | Loss 2.494158
Epoch 96 | Batch 90/100 | Loss 2.508936
Epoch 97 | Batch 0/100 | Loss 3.160004
Epoch 97 | Batch 10/100 | Loss 2.653905
Epoch 97 | Batch 20/100 | Loss 2.567516
Epoch 97 | Batch 30/100 | Loss 2.529469
Epoch 97 | Batch 40/100 | Loss 2.520049
Epoch 97 | Batch 50/100 | Loss 2.502833
Epoch 97 | Batch 60/100 | Loss 2.473627
Epoch 97 | Batch 70/100 | Loss 2.482504
Epoch 97 | Batch 80/100 | Loss 2.474616
Epoch 97 | Batch 90/100 | Loss 2.477794
Epoch 98 | Batch 0/100 | Loss 2.100389
Epoch 98 | Batch 10/100 | Loss 2.423751
Epoch 98 | Batch 20/100 | Loss 2.471286
Epoch 98 | Batch 30/100 | Loss 2.428281
Epoch 98 | Batch 40/100 | Loss 2.415131
Epoch 98 | Batch 50/100 | Loss 2.404558
Epoch 98 | Batch 60/100 | Loss 2.421911
Epoch 98 | Batch 70/100 | Loss 2.420640
Epoch 98 | Batch 80/100 | Loss 2.397959
Epoch 98 | Batch 90/100 | Loss 2.390669
Epoch 99 | Batch 0/100 | Loss 1.960472
Epoch 99 | Batch 10/100 | Loss 2.327738
Epoch 99 | Batch 20/100 | Loss 2.367063
Epoch 99 | Batch 30/100 | Loss 2.353772
Epoch 99 | Batch 40/100 | Loss 2.354404
Epoch 99 | Batch 50/100 | Loss 2.368085
Epoch 99 | Batch 60/100 | Loss 2.393872
Epoch 99 | Batch 70/100 | Loss 2.392544
Epoch 99 | Batch 80/100 | Loss 2.406875
Epoch 99 | Batch 90/100 | Loss 2.405345
Epoch 100 | Batch 0/100 | Loss 2.295406
Epoch 100 | Batch 10/100 | Loss 2.564638
Epoch 100 | Batch 20/100 | Loss 2.632291
Epoch 100 | Batch 30/100 | Loss 2.586835
Epoch 100 | Batch 40/100 | Loss 2.545041
Epoch 100 | Batch 50/100 | Loss 2.484759
Epoch 100 | Batch 60/100 | Loss 2.455449
Epoch 100 | Batch 70/100 | Loss 2.454912
Epoch 100 | Batch 80/100 | Loss 2.447513
Epoch 100 | Batch 90/100 | Loss 2.425381
One iteration : 12.368286609649658s
100 Test Acc = 24.20% +- 1.24%
Epoch 101 | Batch 0/100 | Loss 2.753369
Epoch 101 | Batch 10/100 | Loss 2.287371
Epoch 101 | Batch 20/100 | Loss 2.320435
Epoch 101 | Batch 30/100 | Loss 2.377788
Epoch 101 | Batch 40/100 | Loss 2.368066
Epoch 101 | Batch 50/100 | Loss 2.344599
Epoch 101 | Batch 60/100 | Loss 2.330332
Epoch 101 | Batch 70/100 | Loss 2.321415
Epoch 101 | Batch 80/100 | Loss 2.356210
Epoch 101 | Batch 90/100 | Loss 2.356680
Epoch 102 | Batch 0/100 | Loss 2.406144
Epoch 102 | Batch 10/100 | Loss 2.464498
Epoch 102 | Batch 20/100 | Loss 2.451656
Epoch 102 | Batch 30/100 | Loss 2.427004
Epoch 102 | Batch 40/100 | Loss 2.444044
Epoch 102 | Batch 50/100 | Loss 2.421196
Epoch 102 | Batch 60/100 | Loss 2.408301
Epoch 102 | Batch 70/100 | Loss 2.416997
Epoch 102 | Batch 80/100 | Loss 2.404767
Epoch 102 | Batch 90/100 | Loss 2.400049
Epoch 103 | Batch 0/100 | Loss 2.390891
Epoch 103 | Batch 10/100 | Loss 2.392947
Epoch 103 | Batch 20/100 | Loss 2.416328
Epoch 103 | Batch 30/100 | Loss 2.456578
Epoch 103 | Batch 40/100 | Loss 2.507726
Epoch 103 | Batch 50/100 | Loss 2.476861
Epoch 103 | Batch 60/100 | Loss 2.441071
Epoch 103 | Batch 70/100 | Loss 2.454868
Epoch 103 | Batch 80/100 | Loss 2.449998
Epoch 103 | Batch 90/100 | Loss 2.438013
Epoch 104 | Batch 0/100 | Loss 2.329013
Epoch 104 | Batch 10/100 | Loss 2.155258
Epoch 104 | Batch 20/100 | Loss 2.242932
Epoch 104 | Batch 30/100 | Loss 2.312184
Epoch 104 | Batch 40/100 | Loss 2.327707
Epoch 104 | Batch 50/100 | Loss 2.347656
Epoch 104 | Batch 60/100 | Loss 2.386775
Epoch 104 | Batch 70/100 | Loss 2.378869
Epoch 104 | Batch 80/100 | Loss 2.390859
Epoch 104 | Batch 90/100 | Loss 2.395132
Epoch 105 | Batch 0/100 | Loss 2.110077
Epoch 105 | Batch 10/100 | Loss 2.404720
Epoch 105 | Batch 20/100 | Loss 2.391323
Epoch 105 | Batch 30/100 | Loss 2.389715
Epoch 105 | Batch 40/100 | Loss 2.372112
Epoch 105 | Batch 50/100 | Loss 2.358313
Epoch 105 | Batch 60/100 | Loss 2.375865
Epoch 105 | Batch 70/100 | Loss 2.385344
Epoch 105 | Batch 80/100 | Loss 2.382847
Epoch 105 | Batch 90/100 | Loss 2.388849
One iteration : 12.607074737548828s
100 Test Acc = 22.88% +- 1.24%
Epoch 106 | Batch 0/100 | Loss 2.002978
Epoch 106 | Batch 10/100 | Loss 2.303516
Epoch 106 | Batch 20/100 | Loss 2.347700
Epoch 106 | Batch 30/100 | Loss 2.379194
Epoch 106 | Batch 40/100 | Loss 2.353079
Epoch 106 | Batch 50/100 | Loss 2.360726
Epoch 106 | Batch 60/100 | Loss 2.386540
Epoch 106 | Batch 70/100 | Loss 2.373504
Epoch 106 | Batch 80/100 | Loss 2.378214
Epoch 106 | Batch 90/100 | Loss 2.385781
Epoch 107 | Batch 0/100 | Loss 2.192748
Epoch 107 | Batch 10/100 | Loss 2.562564
Epoch 107 | Batch 20/100 | Loss 2.503261
Epoch 107 | Batch 30/100 | Loss 2.467957
Epoch 107 | Batch 40/100 | Loss 2.436448
Epoch 107 | Batch 50/100 | Loss 2.463317
Epoch 107 | Batch 60/100 | Loss 2.477718
Epoch 107 | Batch 70/100 | Loss 2.486044
Epoch 107 | Batch 80/100 | Loss 2.480101
Epoch 107 | Batch 90/100 | Loss 2.456992
Epoch 108 | Batch 0/100 | Loss 2.086564
Epoch 108 | Batch 10/100 | Loss 2.265553
Epoch 108 | Batch 20/100 | Loss 2.372437
Epoch 108 | Batch 30/100 | Loss 2.368402
Epoch 108 | Batch 40/100 | Loss 2.336248
Epoch 108 | Batch 50/100 | Loss 2.346264
Epoch 108 | Batch 60/100 | Loss 2.363871
Epoch 108 | Batch 70/100 | Loss 2.377102
Epoch 108 | Batch 80/100 | Loss 2.352545
Epoch 108 | Batch 90/100 | Loss 2.373001
Epoch 109 | Batch 0/100 | Loss 2.330938
Epoch 109 | Batch 10/100 | Loss 2.437623
Epoch 109 | Batch 20/100 | Loss 2.370528
Epoch 109 | Batch 30/100 | Loss 2.488868
Epoch 109 | Batch 40/100 | Loss 2.447656
Epoch 109 | Batch 50/100 | Loss 2.430401
Epoch 109 | Batch 60/100 | Loss 2.471178
Epoch 109 | Batch 70/100 | Loss 2.459297
Epoch 109 | Batch 80/100 | Loss 2.457752
Epoch 109 | Batch 90/100 | Loss 2.452963
Epoch 110 | Batch 0/100 | Loss 2.689165
Epoch 110 | Batch 10/100 | Loss 2.574421
Epoch 110 | Batch 20/100 | Loss 2.558914
Epoch 110 | Batch 30/100 | Loss 2.491495
Epoch 110 | Batch 40/100 | Loss 2.451915
Epoch 110 | Batch 50/100 | Loss 2.417669
Epoch 110 | Batch 60/100 | Loss 2.400518
Epoch 110 | Batch 70/100 | Loss 2.414516
Epoch 110 | Batch 80/100 | Loss 2.408624
Epoch 110 | Batch 90/100 | Loss 2.402942
One iteration : 12.584177494049072s
100 Test Acc = 24.02% +- 1.26%
Epoch 111 | Batch 0/100 | Loss 2.970103
Epoch 111 | Batch 10/100 | Loss 2.416906
Epoch 111 | Batch 20/100 | Loss 2.378526
Epoch 111 | Batch 30/100 | Loss 2.393394
Epoch 111 | Batch 40/100 | Loss 2.411350
Epoch 111 | Batch 50/100 | Loss 2.355130
Epoch 111 | Batch 60/100 | Loss 2.382290
Epoch 111 | Batch 70/100 | Loss 2.393710
Epoch 111 | Batch 80/100 | Loss 2.401561
Epoch 111 | Batch 90/100 | Loss 2.404685
Epoch 112 | Batch 0/100 | Loss 2.992236
Epoch 112 | Batch 10/100 | Loss 2.545339
Epoch 112 | Batch 20/100 | Loss 2.572785
Epoch 112 | Batch 30/100 | Loss 2.560041
Epoch 112 | Batch 40/100 | Loss 2.492504
Epoch 112 | Batch 50/100 | Loss 2.477769
Epoch 112 | Batch 60/100 | Loss 2.461646
Epoch 112 | Batch 70/100 | Loss 2.459803
Epoch 112 | Batch 80/100 | Loss 2.433855
Epoch 112 | Batch 90/100 | Loss 2.431413
Epoch 113 | Batch 0/100 | Loss 2.417754
Epoch 113 | Batch 10/100 | Loss 2.583751
Epoch 113 | Batch 20/100 | Loss 2.495120
Epoch 113 | Batch 30/100 | Loss 2.459963
Epoch 113 | Batch 40/100 | Loss 2.469251
Epoch 113 | Batch 50/100 | Loss 2.450413
Epoch 113 | Batch 60/100 | Loss 2.436786
Epoch 113 | Batch 70/100 | Loss 2.415958
Epoch 113 | Batch 80/100 | Loss 2.398734
Epoch 113 | Batch 90/100 | Loss 2.395630
Epoch 114 | Batch 0/100 | Loss 2.101444
Epoch 114 | Batch 10/100 | Loss 2.324706
Epoch 114 | Batch 20/100 | Loss 2.316034
Epoch 114 | Batch 30/100 | Loss 2.383537
Epoch 114 | Batch 40/100 | Loss 2.424945
Epoch 114 | Batch 50/100 | Loss 2.379787
Epoch 114 | Batch 60/100 | Loss 2.369631
Epoch 114 | Batch 70/100 | Loss 2.388612
Epoch 114 | Batch 80/100 | Loss 2.378464
Epoch 114 | Batch 90/100 | Loss 2.374806
Epoch 115 | Batch 0/100 | Loss 3.541370
Epoch 115 | Batch 10/100 | Loss 2.480520
Epoch 115 | Batch 20/100 | Loss 2.388237
Epoch 115 | Batch 30/100 | Loss 2.449071
Epoch 115 | Batch 40/100 | Loss 2.434144
Epoch 115 | Batch 50/100 | Loss 2.460168
Epoch 115 | Batch 60/100 | Loss 2.452267
Epoch 115 | Batch 70/100 | Loss 2.426023
Epoch 115 | Batch 80/100 | Loss 2.408437
Epoch 115 | Batch 90/100 | Loss 2.405994
One iteration : 12.292145013809204s
100 Test Acc = 23.60% +- 1.14%
Epoch 116 | Batch 0/100 | Loss 2.795099
Epoch 116 | Batch 10/100 | Loss 2.455815
Epoch 116 | Batch 20/100 | Loss 2.387293
Epoch 116 | Batch 30/100 | Loss 2.345063
Epoch 116 | Batch 40/100 | Loss 2.344590
Epoch 116 | Batch 50/100 | Loss 2.367430
Epoch 116 | Batch 60/100 | Loss 2.367105
Epoch 116 | Batch 70/100 | Loss 2.371957
Epoch 116 | Batch 80/100 | Loss 2.352793
Epoch 116 | Batch 90/100 | Loss 2.363043
Epoch 117 | Batch 0/100 | Loss 2.678939
Epoch 117 | Batch 10/100 | Loss 2.467053
Epoch 117 | Batch 20/100 | Loss 2.421969
Epoch 117 | Batch 30/100 | Loss 2.370521
Epoch 117 | Batch 40/100 | Loss 2.329810
Epoch 117 | Batch 50/100 | Loss 2.362543
Epoch 117 | Batch 60/100 | Loss 2.385073
Epoch 117 | Batch 70/100 | Loss 2.404323
Epoch 117 | Batch 80/100 | Loss 2.382064
Epoch 117 | Batch 90/100 | Loss 2.402469
Epoch 118 | Batch 0/100 | Loss 2.117378
Epoch 118 | Batch 10/100 | Loss 2.344947
Epoch 118 | Batch 20/100 | Loss 2.375080
Epoch 118 | Batch 30/100 | Loss 2.401185
Epoch 118 | Batch 40/100 | Loss 2.402137
Epoch 118 | Batch 50/100 | Loss 2.406728
Epoch 118 | Batch 60/100 | Loss 2.414459
Epoch 118 | Batch 70/100 | Loss 2.409259
Epoch 118 | Batch 80/100 | Loss 2.400891
Epoch 118 | Batch 90/100 | Loss 2.380297
Epoch 119 | Batch 0/100 | Loss 2.605532
Epoch 119 | Batch 10/100 | Loss 2.333401
Epoch 119 | Batch 20/100 | Loss 2.455541
Epoch 119 | Batch 30/100 | Loss 2.448930
Epoch 119 | Batch 40/100 | Loss 2.459396
Epoch 119 | Batch 50/100 | Loss 2.414567
Epoch 119 | Batch 60/100 | Loss 2.401166
Epoch 119 | Batch 70/100 | Loss 2.432034
Epoch 119 | Batch 80/100 | Loss 2.441328
Epoch 119 | Batch 90/100 | Loss 2.436871
Epoch 120 | Batch 0/100 | Loss 2.302887
Epoch 120 | Batch 10/100 | Loss 2.368592
Epoch 120 | Batch 20/100 | Loss 2.383828
Epoch 120 | Batch 30/100 | Loss 2.371229
Epoch 120 | Batch 40/100 | Loss 2.331914
Epoch 120 | Batch 50/100 | Loss 2.333961
Epoch 120 | Batch 60/100 | Loss 2.353835
Epoch 120 | Batch 70/100 | Loss 2.330682
Epoch 120 | Batch 80/100 | Loss 2.318279
Epoch 120 | Batch 90/100 | Loss 2.350853
One iteration : 12.501304626464844s
100 Test Acc = 21.75% +- 1.01%
Epoch 121 | Batch 0/100 | Loss 2.181838
Epoch 121 | Batch 10/100 | Loss 2.497957
Epoch 121 | Batch 20/100 | Loss 2.484961
Epoch 121 | Batch 30/100 | Loss 2.494674
Epoch 121 | Batch 40/100 | Loss 2.439100
Epoch 121 | Batch 50/100 | Loss 2.448624
Epoch 121 | Batch 60/100 | Loss 2.457344
Epoch 121 | Batch 70/100 | Loss 2.432768
Epoch 121 | Batch 80/100 | Loss 2.457463
Epoch 121 | Batch 90/100 | Loss 2.469643
Epoch 122 | Batch 0/100 | Loss 2.585732
Epoch 122 | Batch 10/100 | Loss 2.303094
Epoch 122 | Batch 20/100 | Loss 2.360491
Epoch 122 | Batch 30/100 | Loss 2.386370
Epoch 122 | Batch 40/100 | Loss 2.397576
Epoch 122 | Batch 50/100 | Loss 2.402870
Epoch 122 | Batch 60/100 | Loss 2.387257
Epoch 122 | Batch 70/100 | Loss 2.394079
Epoch 122 | Batch 80/100 | Loss 2.421796
Epoch 122 | Batch 90/100 | Loss 2.411192
Epoch 123 | Batch 0/100 | Loss 2.413246
Epoch 123 | Batch 10/100 | Loss 2.378190
Epoch 123 | Batch 20/100 | Loss 2.366721
Epoch 123 | Batch 30/100 | Loss 2.313377
Epoch 123 | Batch 40/100 | Loss 2.321342
Epoch 123 | Batch 50/100 | Loss 2.324563
Epoch 123 | Batch 60/100 | Loss 2.334915
Epoch 123 | Batch 70/100 | Loss 2.344255
Epoch 123 | Batch 80/100 | Loss 2.343341
Epoch 123 | Batch 90/100 | Loss 2.337851
Epoch 124 | Batch 0/100 | Loss 2.833280
Epoch 124 | Batch 10/100 | Loss 2.580883
Epoch 124 | Batch 20/100 | Loss 2.451712
Epoch 124 | Batch 30/100 | Loss 2.439809
Epoch 124 | Batch 40/100 | Loss 2.429507
Epoch 124 | Batch 50/100 | Loss 2.493414
Epoch 124 | Batch 60/100 | Loss 2.475276
Epoch 124 | Batch 70/100 | Loss 2.485961
Epoch 124 | Batch 80/100 | Loss 2.490971
Epoch 124 | Batch 90/100 | Loss 2.465719
Epoch 125 | Batch 0/100 | Loss 2.098429
Epoch 125 | Batch 10/100 | Loss 2.381184
Epoch 125 | Batch 20/100 | Loss 2.352000
Epoch 125 | Batch 30/100 | Loss 2.417993
Epoch 125 | Batch 40/100 | Loss 2.365192
Epoch 125 | Batch 50/100 | Loss 2.348847
Epoch 125 | Batch 60/100 | Loss 2.353568
Epoch 125 | Batch 70/100 | Loss 2.346266
Epoch 125 | Batch 80/100 | Loss 2.361424
Epoch 125 | Batch 90/100 | Loss 2.347786
One iteration : 12.324419260025024s
100 Test Acc = 24.04% +- 1.09%
Epoch 126 | Batch 0/100 | Loss 2.160459
Epoch 126 | Batch 10/100 | Loss 2.450188
Epoch 126 | Batch 20/100 | Loss 2.403019
Epoch 126 | Batch 30/100 | Loss 2.474021
Epoch 126 | Batch 40/100 | Loss 2.506641
Epoch 126 | Batch 50/100 | Loss 2.527481
Epoch 126 | Batch 60/100 | Loss 2.520732
Epoch 126 | Batch 70/100 | Loss 2.502593
Epoch 126 | Batch 80/100 | Loss 2.501100
Epoch 126 | Batch 90/100 | Loss 2.493569
Epoch 127 | Batch 0/100 | Loss 2.712257
Epoch 127 | Batch 10/100 | Loss 2.326808
Epoch 127 | Batch 20/100 | Loss 2.365201
Epoch 127 | Batch 30/100 | Loss 2.341887
Epoch 127 | Batch 40/100 | Loss 2.321074
Epoch 127 | Batch 50/100 | Loss 2.338995
Epoch 127 | Batch 60/100 | Loss 2.365608
Epoch 127 | Batch 70/100 | Loss 2.375918
Epoch 127 | Batch 80/100 | Loss 2.372175
Epoch 127 | Batch 90/100 | Loss 2.395596
Epoch 128 | Batch 0/100 | Loss 1.809457
Epoch 128 | Batch 10/100 | Loss 2.254174
Epoch 128 | Batch 20/100 | Loss 2.275172
Epoch 128 | Batch 30/100 | Loss 2.330467
Epoch 128 | Batch 40/100 | Loss 2.438318
Epoch 128 | Batch 50/100 | Loss 2.460700
Epoch 128 | Batch 60/100 | Loss 2.489831
Epoch 128 | Batch 70/100 | Loss 2.464602
Epoch 128 | Batch 80/100 | Loss 2.452119
Epoch 128 | Batch 90/100 | Loss 2.436375
Epoch 129 | Batch 0/100 | Loss 2.179330
Epoch 129 | Batch 10/100 | Loss 2.357135
Epoch 129 | Batch 20/100 | Loss 2.344472
Epoch 129 | Batch 30/100 | Loss 2.379556
Epoch 129 | Batch 40/100 | Loss 2.396983
Epoch 129 | Batch 50/100 | Loss 2.431939
Epoch 129 | Batch 60/100 | Loss 2.394081
Epoch 129 | Batch 70/100 | Loss 2.395172
Epoch 129 | Batch 80/100 | Loss 2.375838
Epoch 129 | Batch 90/100 | Loss 2.365603
Epoch 130 | Batch 0/100 | Loss 2.277956
Epoch 130 | Batch 10/100 | Loss 2.330599
Epoch 130 | Batch 20/100 | Loss 2.378142
Epoch 130 | Batch 30/100 | Loss 2.350841
Epoch 130 | Batch 40/100 | Loss 2.428281
Epoch 130 | Batch 50/100 | Loss 2.432411
Epoch 130 | Batch 60/100 | Loss 2.404400
Epoch 130 | Batch 70/100 | Loss 2.388476
Epoch 130 | Batch 80/100 | Loss 2.401785
Epoch 130 | Batch 90/100 | Loss 2.402122
One iteration : 12.285500764846802s
100 Test Acc = 24.00% +- 1.17%
Epoch 131 | Batch 0/100 | Loss 2.242025
Epoch 131 | Batch 10/100 | Loss 2.511937
Epoch 131 | Batch 20/100 | Loss 2.494065
Epoch 131 | Batch 30/100 | Loss 2.583890
Epoch 131 | Batch 40/100 | Loss 2.524895
Epoch 131 | Batch 50/100 | Loss 2.493527
Epoch 131 | Batch 60/100 | Loss 2.451112
Epoch 131 | Batch 70/100 | Loss 2.435871
Epoch 131 | Batch 80/100 | Loss 2.444403
Epoch 131 | Batch 90/100 | Loss 2.434387
Epoch 132 | Batch 0/100 | Loss 2.181856
Epoch 132 | Batch 10/100 | Loss 2.248026
Epoch 132 | Batch 20/100 | Loss 2.228722
Epoch 132 | Batch 30/100 | Loss 2.215179
Epoch 132 | Batch 40/100 | Loss 2.194335
Epoch 132 | Batch 50/100 | Loss 2.210580
Epoch 132 | Batch 60/100 | Loss 2.256198
Epoch 132 | Batch 70/100 | Loss 2.283844
Epoch 132 | Batch 80/100 | Loss 2.293646
Epoch 132 | Batch 90/100 | Loss 2.309097
Epoch 133 | Batch 0/100 | Loss 1.847601
Epoch 133 | Batch 10/100 | Loss 2.272167
Epoch 133 | Batch 20/100 | Loss 2.326910
Epoch 133 | Batch 30/100 | Loss 2.358753
Epoch 133 | Batch 40/100 | Loss 2.362571
Epoch 133 | Batch 50/100 | Loss 2.331601
Epoch 133 | Batch 60/100 | Loss 2.332077
Epoch 133 | Batch 70/100 | Loss 2.329665
Epoch 133 | Batch 80/100 | Loss 2.347506
Epoch 133 | Batch 90/100 | Loss 2.333294
Epoch 134 | Batch 0/100 | Loss 2.087703
Epoch 134 | Batch 10/100 | Loss 2.213592
Epoch 134 | Batch 20/100 | Loss 2.166820
Epoch 134 | Batch 30/100 | Loss 2.167556
Epoch 134 | Batch 40/100 | Loss 2.211971
Epoch 134 | Batch 50/100 | Loss 2.242289
Epoch 134 | Batch 60/100 | Loss 2.250501
Epoch 134 | Batch 70/100 | Loss 2.284813
Epoch 134 | Batch 80/100 | Loss 2.300054
Epoch 134 | Batch 90/100 | Loss 2.298684
Epoch 135 | Batch 0/100 | Loss 2.609708
Epoch 135 | Batch 10/100 | Loss 2.136904
Epoch 135 | Batch 20/100 | Loss 2.147421
Epoch 135 | Batch 30/100 | Loss 2.147056
Epoch 135 | Batch 40/100 | Loss 2.196813
Epoch 135 | Batch 50/100 | Loss 2.217614
Epoch 135 | Batch 60/100 | Loss 2.200093
Epoch 135 | Batch 70/100 | Loss 2.187939
Epoch 135 | Batch 80/100 | Loss 2.182071
Epoch 135 | Batch 90/100 | Loss 2.195282
One iteration : 12.870122194290161s
100 Test Acc = 24.20% +- 1.15%
Epoch 136 | Batch 0/100 | Loss 2.226530
Epoch 136 | Batch 10/100 | Loss 2.203935
Epoch 136 | Batch 20/100 | Loss 2.299373
Epoch 136 | Batch 30/100 | Loss 2.296904
Epoch 136 | Batch 40/100 | Loss 2.313312
Epoch 136 | Batch 50/100 | Loss 2.303762
Epoch 136 | Batch 60/100 | Loss 2.309551
Epoch 136 | Batch 70/100 | Loss 2.305839
Epoch 136 | Batch 80/100 | Loss 2.313517
Epoch 136 | Batch 90/100 | Loss 2.286885
Epoch 137 | Batch 0/100 | Loss 2.011198
Epoch 137 | Batch 10/100 | Loss 2.194690
Epoch 137 | Batch 20/100 | Loss 2.228265
Epoch 137 | Batch 30/100 | Loss 2.293230
Epoch 137 | Batch 40/100 | Loss 2.287537
Epoch 137 | Batch 50/100 | Loss 2.274214
Epoch 137 | Batch 60/100 | Loss 2.256761
Epoch 137 | Batch 70/100 | Loss 2.269836
Epoch 137 | Batch 80/100 | Loss 2.252123
Epoch 137 | Batch 90/100 | Loss 2.241822
Epoch 138 | Batch 0/100 | Loss 2.593685
Epoch 138 | Batch 10/100 | Loss 2.353931
Epoch 138 | Batch 20/100 | Loss 2.295152
Epoch 138 | Batch 30/100 | Loss 2.257330
Epoch 138 | Batch 40/100 | Loss 2.255968
Epoch 138 | Batch 50/100 | Loss 2.256407
Epoch 138 | Batch 60/100 | Loss 2.268753
Epoch 138 | Batch 70/100 | Loss 2.271678
Epoch 138 | Batch 80/100 | Loss 2.288907
Epoch 138 | Batch 90/100 | Loss 2.292678
Epoch 139 | Batch 0/100 | Loss 2.436302
Epoch 139 | Batch 10/100 | Loss 2.209441
Epoch 139 | Batch 20/100 | Loss 2.305338
Epoch 139 | Batch 30/100 | Loss 2.273776
Epoch 139 | Batch 40/100 | Loss 2.285258
Epoch 139 | Batch 50/100 | Loss 2.248210
Epoch 139 | Batch 60/100 | Loss 2.260681
Epoch 139 | Batch 70/100 | Loss 2.287430
Epoch 139 | Batch 80/100 | Loss 2.296780
Epoch 139 | Batch 90/100 | Loss 2.311779
Epoch 140 | Batch 0/100 | Loss 2.283292
Epoch 140 | Batch 10/100 | Loss 2.238931
Epoch 140 | Batch 20/100 | Loss 2.264128
Epoch 140 | Batch 30/100 | Loss 2.292608
Epoch 140 | Batch 40/100 | Loss 2.293745
Epoch 140 | Batch 50/100 | Loss 2.282441
Epoch 140 | Batch 60/100 | Loss 2.296476
Epoch 140 | Batch 70/100 | Loss 2.333142
Epoch 140 | Batch 80/100 | Loss 2.333769
Epoch 140 | Batch 90/100 | Loss 2.329216
One iteration : 12.526532173156738s
100 Test Acc = 22.41% +- 0.89%
Epoch 141 | Batch 0/100 | Loss 2.029177
Epoch 141 | Batch 10/100 | Loss 2.245348
Epoch 141 | Batch 20/100 | Loss 2.368674
Epoch 141 | Batch 30/100 | Loss 2.372906
Epoch 141 | Batch 40/100 | Loss 2.347543
Epoch 141 | Batch 50/100 | Loss 2.338314
Epoch 141 | Batch 60/100 | Loss 2.354723
Epoch 141 | Batch 70/100 | Loss 2.374761
Epoch 141 | Batch 80/100 | Loss 2.343041
Epoch 141 | Batch 90/100 | Loss 2.348128
Epoch 142 | Batch 0/100 | Loss 2.655385
Epoch 142 | Batch 10/100 | Loss 2.366890
Epoch 142 | Batch 20/100 | Loss 2.432300
Epoch 142 | Batch 30/100 | Loss 2.382073
Epoch 142 | Batch 40/100 | Loss 2.364507
Epoch 142 | Batch 50/100 | Loss 2.372830
Epoch 142 | Batch 60/100 | Loss 2.400945
Epoch 142 | Batch 70/100 | Loss 2.409881
Epoch 142 | Batch 80/100 | Loss 2.381673
Epoch 142 | Batch 90/100 | Loss 2.366762
Epoch 143 | Batch 0/100 | Loss 2.206530
Epoch 143 | Batch 10/100 | Loss 2.271748
Epoch 143 | Batch 20/100 | Loss 2.259806
Epoch 143 | Batch 30/100 | Loss 2.264794
Epoch 143 | Batch 40/100 | Loss 2.290940
Epoch 143 | Batch 50/100 | Loss 2.297266
Epoch 143 | Batch 60/100 | Loss 2.302938
Epoch 143 | Batch 70/100 | Loss 2.294216
Epoch 143 | Batch 80/100 | Loss 2.276200
Epoch 143 | Batch 90/100 | Loss 2.265308
Epoch 144 | Batch 0/100 | Loss 1.789824
Epoch 144 | Batch 10/100 | Loss 2.282256
Epoch 144 | Batch 20/100 | Loss 2.274677
Epoch 144 | Batch 30/100 | Loss 2.277152
Epoch 144 | Batch 40/100 | Loss 2.277210
Epoch 144 | Batch 50/100 | Loss 2.291842
Epoch 144 | Batch 60/100 | Loss 2.298602
Epoch 144 | Batch 70/100 | Loss 2.300878
Epoch 144 | Batch 80/100 | Loss 2.288850
Epoch 144 | Batch 90/100 | Loss 2.288628
Epoch 145 | Batch 0/100 | Loss 2.792991
Epoch 145 | Batch 10/100 | Loss 2.307441
Epoch 145 | Batch 20/100 | Loss 2.347671
Epoch 145 | Batch 30/100 | Loss 2.322199
Epoch 145 | Batch 40/100 | Loss 2.290732
Epoch 145 | Batch 50/100 | Loss 2.275793
Epoch 145 | Batch 60/100 | Loss 2.267137
Epoch 145 | Batch 70/100 | Loss 2.276765
Epoch 145 | Batch 80/100 | Loss 2.279390
Epoch 145 | Batch 90/100 | Loss 2.300936
One iteration : 12.391658782958984s
100 Test Acc = 24.29% +- 1.05%
Epoch 146 | Batch 0/100 | Loss 2.499710
Epoch 146 | Batch 10/100 | Loss 2.369258
Epoch 146 | Batch 20/100 | Loss 2.306577
Epoch 146 | Batch 30/100 | Loss 2.314988
Epoch 146 | Batch 40/100 | Loss 2.284893
Epoch 146 | Batch 50/100 | Loss 2.276410
Epoch 146 | Batch 60/100 | Loss 2.256872
Epoch 146 | Batch 70/100 | Loss 2.266641
Epoch 146 | Batch 80/100 | Loss 2.278198
Epoch 146 | Batch 90/100 | Loss 2.277882
Epoch 147 | Batch 0/100 | Loss 2.737916
Epoch 147 | Batch 10/100 | Loss 2.281667
Epoch 147 | Batch 20/100 | Loss 2.316602
Epoch 147 | Batch 30/100 | Loss 2.225002
Epoch 147 | Batch 40/100 | Loss 2.220393
Epoch 147 | Batch 50/100 | Loss 2.256507
Epoch 147 | Batch 60/100 | Loss 2.267887
Epoch 147 | Batch 70/100 | Loss 2.264127
Epoch 147 | Batch 80/100 | Loss 2.257627
Epoch 147 | Batch 90/100 | Loss 2.264252
Epoch 148 | Batch 0/100 | Loss 2.250853
Epoch 148 | Batch 10/100 | Loss 2.212579
Epoch 148 | Batch 20/100 | Loss 2.187719
Epoch 148 | Batch 30/100 | Loss 2.259147
Epoch 148 | Batch 40/100 | Loss 2.260229
Epoch 148 | Batch 50/100 | Loss 2.286903
Epoch 148 | Batch 60/100 | Loss 2.303550
Epoch 148 | Batch 70/100 | Loss 2.314310
Epoch 148 | Batch 80/100 | Loss 2.321294
Epoch 148 | Batch 90/100 | Loss 2.312465
Epoch 149 | Batch 0/100 | Loss 2.603414
Epoch 149 | Batch 10/100 | Loss 2.451616
Epoch 149 | Batch 20/100 | Loss 2.365252
Epoch 149 | Batch 30/100 | Loss 2.287940
Epoch 149 | Batch 40/100 | Loss 2.324939
Epoch 149 | Batch 50/100 | Loss 2.300827
Epoch 149 | Batch 60/100 | Loss 2.292513
Epoch 149 | Batch 70/100 | Loss 2.284017
Epoch 149 | Batch 80/100 | Loss 2.285367
Epoch 149 | Batch 90/100 | Loss 2.272330
Epoch 150 | Batch 0/100 | Loss 1.952499
Epoch 150 | Batch 10/100 | Loss 2.151762
Epoch 150 | Batch 20/100 | Loss 2.284574
Epoch 150 | Batch 30/100 | Loss 2.311724
Epoch 150 | Batch 40/100 | Loss 2.323669
Epoch 150 | Batch 50/100 | Loss 2.326358
Epoch 150 | Batch 60/100 | Loss 2.349458
Epoch 150 | Batch 70/100 | Loss 2.349927
Epoch 150 | Batch 80/100 | Loss 2.330090
Epoch 150 | Batch 90/100 | Loss 2.325402
One iteration : 12.265440702438354s
100 Test Acc = 23.15% +- 1.04%
Epoch 151 | Batch 0/100 | Loss 2.306405
Epoch 151 | Batch 10/100 | Loss 2.294948
Epoch 151 | Batch 20/100 | Loss 2.330602
Epoch 151 | Batch 30/100 | Loss 2.272202
Epoch 151 | Batch 40/100 | Loss 2.273051
Epoch 151 | Batch 50/100 | Loss 2.293915
Epoch 151 | Batch 60/100 | Loss 2.289157
Epoch 151 | Batch 70/100 | Loss 2.284187
Epoch 151 | Batch 80/100 | Loss 2.302958
Epoch 151 | Batch 90/100 | Loss 2.293239
Epoch 152 | Batch 0/100 | Loss 2.086102
Epoch 152 | Batch 10/100 | Loss 2.266502
Epoch 152 | Batch 20/100 | Loss 2.298519
Epoch 152 | Batch 30/100 | Loss 2.288135
Epoch 152 | Batch 40/100 | Loss 2.307396
Epoch 152 | Batch 50/100 | Loss 2.275466
Epoch 152 | Batch 60/100 | Loss 2.277933
Epoch 152 | Batch 70/100 | Loss 2.301724
Epoch 152 | Batch 80/100 | Loss 2.321049
Epoch 152 | Batch 90/100 | Loss 2.323889
Epoch 153 | Batch 0/100 | Loss 2.383296
Epoch 153 | Batch 10/100 | Loss 2.272190
Epoch 153 | Batch 20/100 | Loss 2.284245
Epoch 153 | Batch 30/100 | Loss 2.324914
Epoch 153 | Batch 40/100 | Loss 2.349554
Epoch 153 | Batch 50/100 | Loss 2.333276
Epoch 153 | Batch 60/100 | Loss 2.315527
Epoch 153 | Batch 70/100 | Loss 2.298387
Epoch 153 | Batch 80/100 | Loss 2.310006
Epoch 153 | Batch 90/100 | Loss 2.285817
Epoch 154 | Batch 0/100 | Loss 2.176066
Epoch 154 | Batch 10/100 | Loss 2.219856
Epoch 154 | Batch 20/100 | Loss 2.224873
Epoch 154 | Batch 30/100 | Loss 2.209582
Epoch 154 | Batch 40/100 | Loss 2.245201
Epoch 154 | Batch 50/100 | Loss 2.282278
Epoch 154 | Batch 60/100 | Loss 2.282119
Epoch 154 | Batch 70/100 | Loss 2.267566
Epoch 154 | Batch 80/100 | Loss 2.252739
Epoch 154 | Batch 90/100 | Loss 2.250459
Epoch 155 | Batch 0/100 | Loss 2.241435
Epoch 155 | Batch 10/100 | Loss 2.284911
Epoch 155 | Batch 20/100 | Loss 2.395560
Epoch 155 | Batch 30/100 | Loss 2.377274
Epoch 155 | Batch 40/100 | Loss 2.385131
Epoch 155 | Batch 50/100 | Loss 2.370801
Epoch 155 | Batch 60/100 | Loss 2.376582
Epoch 155 | Batch 70/100 | Loss 2.361098
Epoch 155 | Batch 80/100 | Loss 2.357546
Epoch 155 | Batch 90/100 | Loss 2.353780
One iteration : 12.197258234024048s
100 Test Acc = 22.82% +- 0.99%
Epoch 156 | Batch 0/100 | Loss 2.393245
Epoch 156 | Batch 10/100 | Loss 2.269576
Epoch 156 | Batch 20/100 | Loss 2.309341
Epoch 156 | Batch 30/100 | Loss 2.310426
Epoch 156 | Batch 40/100 | Loss 2.357731
Epoch 156 | Batch 50/100 | Loss 2.345016
Epoch 156 | Batch 60/100 | Loss 2.360689
Epoch 156 | Batch 70/100 | Loss 2.364773
Epoch 156 | Batch 80/100 | Loss 2.368245
Epoch 156 | Batch 90/100 | Loss 2.356476
Epoch 157 | Batch 0/100 | Loss 2.457208
Epoch 157 | Batch 10/100 | Loss 2.250037
Epoch 157 | Batch 20/100 | Loss 2.226079
Epoch 157 | Batch 30/100 | Loss 2.261683
Epoch 157 | Batch 40/100 | Loss 2.305374
Epoch 157 | Batch 50/100 | Loss 2.307936
Epoch 157 | Batch 60/100 | Loss 2.288382
Epoch 157 | Batch 70/100 | Loss 2.286842
Epoch 157 | Batch 80/100 | Loss 2.304721
Epoch 157 | Batch 90/100 | Loss 2.302334
Epoch 158 | Batch 0/100 | Loss 2.393725
Epoch 158 | Batch 10/100 | Loss 2.274212
Epoch 158 | Batch 20/100 | Loss 2.256394
Epoch 158 | Batch 30/100 | Loss 2.271453
Epoch 158 | Batch 40/100 | Loss 2.312921
Epoch 158 | Batch 50/100 | Loss 2.290471
Epoch 158 | Batch 60/100 | Loss 2.290085
Epoch 158 | Batch 70/100 | Loss 2.318301
Epoch 158 | Batch 80/100 | Loss 2.326994
Epoch 158 | Batch 90/100 | Loss 2.322327
Epoch 159 | Batch 0/100 | Loss 2.379318
Epoch 159 | Batch 10/100 | Loss 2.400428
Epoch 159 | Batch 20/100 | Loss 2.340370
Epoch 159 | Batch 30/100 | Loss 2.292045
Epoch 159 | Batch 40/100 | Loss 2.302113
Epoch 159 | Batch 50/100 | Loss 2.359653
Epoch 159 | Batch 60/100 | Loss 2.320940
Epoch 159 | Batch 70/100 | Loss 2.319579
Epoch 159 | Batch 80/100 | Loss 2.352739
Epoch 159 | Batch 90/100 | Loss 2.362671
Epoch 160 | Batch 0/100 | Loss 2.154114
Epoch 160 | Batch 10/100 | Loss 2.268673
Epoch 160 | Batch 20/100 | Loss 2.303850
Epoch 160 | Batch 30/100 | Loss 2.423856
Epoch 160 | Batch 40/100 | Loss 2.379263
Epoch 160 | Batch 50/100 | Loss 2.361996
Epoch 160 | Batch 60/100 | Loss 2.334634
Epoch 160 | Batch 70/100 | Loss 2.338107
Epoch 160 | Batch 80/100 | Loss 2.322915
Epoch 160 | Batch 90/100 | Loss 2.324357
One iteration : 12.310170888900757s
100 Test Acc = 24.27% +- 1.16%
Epoch 161 | Batch 0/100 | Loss 2.072390
Epoch 161 | Batch 10/100 | Loss 2.109953
Epoch 161 | Batch 20/100 | Loss 2.281359
Epoch 161 | Batch 30/100 | Loss 2.260776
Epoch 161 | Batch 40/100 | Loss 2.239446
Epoch 161 | Batch 50/100 | Loss 2.282258
Epoch 161 | Batch 60/100 | Loss 2.307723
Epoch 161 | Batch 70/100 | Loss 2.292964
Epoch 161 | Batch 80/100 | Loss 2.290596
Epoch 161 | Batch 90/100 | Loss 2.297249
Epoch 162 | Batch 0/100 | Loss 2.603291
Epoch 162 | Batch 10/100 | Loss 2.397255
Epoch 162 | Batch 20/100 | Loss 2.335273
Epoch 162 | Batch 30/100 | Loss 2.335118
Epoch 162 | Batch 40/100 | Loss 2.347052
Epoch 162 | Batch 50/100 | Loss 2.330661
Epoch 162 | Batch 60/100 | Loss 2.329411
Epoch 162 | Batch 70/100 | Loss 2.322263
Epoch 162 | Batch 80/100 | Loss 2.335943
Epoch 162 | Batch 90/100 | Loss 2.303140
Epoch 163 | Batch 0/100 | Loss 2.547014
Epoch 163 | Batch 10/100 | Loss 2.337347
Epoch 163 | Batch 20/100 | Loss 2.306768
Epoch 163 | Batch 30/100 | Loss 2.318266
Epoch 163 | Batch 40/100 | Loss 2.314173
Epoch 163 | Batch 50/100 | Loss 2.337770
Epoch 163 | Batch 60/100 | Loss 2.327169
Epoch 163 | Batch 70/100 | Loss 2.330108
Epoch 163 | Batch 80/100 | Loss 2.353951
Epoch 163 | Batch 90/100 | Loss 2.352045
Epoch 164 | Batch 0/100 | Loss 2.306011
Epoch 164 | Batch 10/100 | Loss 2.346860
Epoch 164 | Batch 20/100 | Loss 2.359584
Epoch 164 | Batch 30/100 | Loss 2.321690
Epoch 164 | Batch 40/100 | Loss 2.318761
Epoch 164 | Batch 50/100 | Loss 2.302561
Epoch 164 | Batch 60/100 | Loss 2.285555
Epoch 164 | Batch 70/100 | Loss 2.283652
Epoch 164 | Batch 80/100 | Loss 2.287850
Epoch 164 | Batch 90/100 | Loss 2.290077
Epoch 165 | Batch 0/100 | Loss 2.242745
Epoch 165 | Batch 10/100 | Loss 2.330576
Epoch 165 | Batch 20/100 | Loss 2.356198
Epoch 165 | Batch 30/100 | Loss 2.386410
Epoch 165 | Batch 40/100 | Loss 2.355596
Epoch 165 | Batch 50/100 | Loss 2.365342
Epoch 165 | Batch 60/100 | Loss 2.354451
Epoch 165 | Batch 70/100 | Loss 2.334823
Epoch 165 | Batch 80/100 | Loss 2.318118
Epoch 165 | Batch 90/100 | Loss 2.311399
One iteration : 12.889026880264282s
100 Test Acc = 23.38% +- 1.14%
slurmstepd-d-7-2-1: error: *** JOB 26635505 ON d-7-2-1 CANCELLED AT 2024-07-23T01:09:51 DUE TO TIME LIMIT ***
